[  2] Utilization = 0.71 | pJ/Compute =   38.222 | L5[WIO] M16 C2 - L4[IO] P5 C4 M2X Q5X - L3[] H1 S3Y - L2[I] H1 - L1[W] R3 C2 - L0[O] H5 
[  1] Utilization = 0.71 | pJ/Compute =   38.222 | L5[WIO] M16 C2 - L4[IO] P5 C8 M2X Q5X - L3[] H1 S3Y - L2[I] H1 - L1[W] R3 - L0[O] H5 
[  4] Utilization = 0.71 | pJ/Compute =   17.047 | L5[WIO] M16 C8 - L4[IO] P5 M2X Q5X - L3[] H1 S3Y - L2[I] H1 - L1[W] R3 C2 - L0[O] H5 
[  0] Utilization = 0.29 | pJ/Compute =   33.809 | L5[WIO] Q5 M2 C4 - L4[IO] H5 P5 M4X - L3[] H1 S3Y - L2[I] H1 - L1[W] R3 C4 - L0[O] M4 
[  5] Utilization = 0.07 | pJ/Compute =  144.845 | L5[WIO] Q5 - L4[IO] H5 M16 P5 C4 - L3[] H1 S3Y - L2[I] H1 - L1[W] R3 C4 - L0[O] M2 
[  3] Utilization = 0.07 | pJ/Compute =  144.845 | L5[WIO] Q5 - L4[IO] H5 M16 P5 C8 - L3[] H1 S3Y - L2[I] H1 - L1[W] R3 C2 - L0[O] M2 
[  6] Utilization = 0.71 | pJ/Compute =   39.809 | L5[WIO] M16 C8 - L4[IO] P5 C2 M2X Q5X - L3[] H1 S3Y - L2[I] H1 - L1[W] R3 - L0[O] H5 
[  7] Utilization = 0.71 | pJ/Compute =   15.989 | L5[WIO] M16 C4 - L4[IO] P5 M2X Q5X - L3[] H1 S3Y - L2[I] H1 - L1[W] R3 C4 - L0[O] H5 
[  3] Utilization = 0.14 | pJ/Compute =  138.261 | L5[WIO] Q5 - L4[IO] M8 P5 C8 M2X - L3[] H5 S3Y - L2[I] H1 - L1[W] R3 C2 - L0[O] M2 
[  5] Utilization = 0.14 | pJ/Compute =  137.203 | L5[WIO] Q5 - L4[IO] M8 P5 C4 M2X - L3[] H5 S3Y - L2[I] H1 - L1[W] R3 C4 - L0[O] M2 
[  0] Utilization = 0.36 | pJ/Compute =   35.670 | L5[WIO] C2 - L4[IO] H5 M4 P5 C4 Q5X - L3[] H1 S3Y - L2[I] H1 - L1[W] R3 C2 - L0[O] M8 
[  1] Utilization = 0.71 | pJ/Compute =   34.247 | L5[WIO] H5 - L4[IO] M2 P5 C4 M2X Q5X - L3[] H1 S3Y - L2[I] H1 - L1[W] R3 C4 - L0[O] M8 
[  3] Utilization = 0.29 | pJ/Compute =  138.127 | L5[WIO] Q5 M2 C4 - L4[IO] H5 P5 C2 M4X - L3[] H1 S3Y - L2[I] H1 - L1[W] R3 C2 - L0[O] M4 
[  5] Utilization = 0.29 | pJ/Compute =  138.127 | L5[WIO] Q5 M2 C4 - L4[IO] H5 P5 C4 M4X - L3[] H1 S3Y - L2[I] H1 - L1[W] R3 - L0[O] M4 
[  5] Utilization = 0.36 | pJ/Compute =   40.075 | L5[WIO] M16 C2 - L4[IO] M2 P5 C4 Q5X - L3[] H1 S3Y - L2[I] H1 - L1[W] R3 C2 - L0[O] H5 
[  0] Utilization = 0.57 | pJ/Compute =  141.451 | L5[WIO] Q5 M4 C2 - L4[IO] P5 C8 M8X - L3[] H1 S3Y - L2[I] H1 - L1[W] H5 R3 - L0[O] H1 
[  3] Utilization = 0.36 | pJ/Compute =   37.966 | L5[WIO] H1 - L4[IO] M8 P5 C16 Q5X - L3[] H1 S3Y - L2[I] H5 - L1[W] R3 - L0[O] M4 
[  3] Utilization = 0.36 | pJ/Compute =   34.936 | L5[WIO] M8 - L4[IO] M2 P5 C16 Q5X - L3[] H1 S3Y - L2[I] H1 - L1[W] R3 - L0[O] H5 M2 
[  5] Utilization = 0.36 | pJ/Compute =   36.049 | L5[WIO] M2 C2 - L4[IO] M4 P5 C4 Q5X - L3[] H1 S3Y - L2[I] H1 - L1[W] H5 R3 C2 - L0[O] M4 
[  5] Utilization = 0.36 | pJ/Compute =   13.199 | L5[WIO] C4 - L4[IO] H5 M4 P5 Q5X - L3[] H1 S3Y - L2[I] H1 - L1[W] R3 C4 - L0[O] M8 
[  3] Utilization = 0.57 | pJ/Compute =   35.394 | L5[WIO] Q5 M4 C8 - L4[IO] P5 M8X - L3[] H1 S3Y - L2[I] H1 - L1[W] H5 R3 C2 - L0[O] H1 
[  4] Utilization = 0.71 | pJ/Compute =   16.632 | L5[WIO] H5 C16 - L4[IO] M2 P5 M2X Q5X - L3[] H1 S3Y - L2[I] H1 - L1[W] R3 - L0[O] M8 
[  5] Utilization = 0.57 | pJ/Compute =  141.451 | L5[WIO] Q5 M4 C8 - L4[IO] P5 C2 M8X - L3[] H1 S3Y - L2[I] H1 - L1[W] H5 R3 - L0[O] H1 
[  3] Utilization = 0.71 | pJ/Compute =   38.875 | L5[WIO] H5 C2 - L4[IO] M8 P5 C4 M2X Q5X - L3[] H1 S3Y - L2[I] H1 - L1[W] R3 C2 - L0[O] M2 
[  5] Utilization = 0.57 | pJ/Compute =  138.050 | L5[WIO] Q5 C4 - L4[IO] M4 P5 C2 M8X - L3[] H5 S3Y - L2[I] H1 - L1[W] R3 C2 - L0[O] H1 
[  5] Utilization = 0.71 | pJ/Compute =   16.179 | L5[WIO] H5 C8 - L4[IO] M8 P5 M2X Q5X - L3[] H1 S3Y - L2[I] H1 - L1[W] R3 C2 - L0[O] M2 
[  0] Utilization = 0.71 | pJ/Compute =   37.811 | L5[WIO] H5 M2 - L4[IO] M4 P5 C8 M2X Q5X - L3[] H1 S3Y - L2[I] H1 - L1[W] R3 C2 - L0[O] M2 
[  0] Utilization = 0.71 | pJ/Compute =   35.586 | L5[WIO] M2 C2 - L4[IO] M2 P5 C4 M2X Q5X - L3[] H1 S3Y - L2[I] H1 - L1[W] H5 R3 C2 - L0[O] M4 
[  2] Utilization = 0.71 | pJ/Compute =   36.353 | L5[WIO] M4 C2 - L4[IO] M4 P5 C2 M2X Q5X - L3[] H5 S3Y - L2[I] H1 - L1[W] R3 C4 - L0[O] H1 
[  6] Utilization = 0.71 | pJ/Compute =   37.411 | L5[WIO] M4 C2 - L4[IO] M4 P5 C4 M2X Q5X - L3[] H5 S3Y - L2[I] H1 - L1[W] R3 C2 - L0[O] H1 
[  3] Utilization = 0.71 | pJ/Compute =   37.265 | L5[WIO] C4 - L4[IO] M2 P5 C4 M2X Q5X - L3[] H5 S3Y - L2[I] H1 - L1[W] R3 - L0[O] M8 
[  2] Utilization = 0.71 | pJ/Compute =   33.908 | L5[WIO] C4 - L4[IO] P5 M2X Q5X - L3[] H1 S3Y - L2[I] H5 - L1[W] R3 C4 - L0[O] M16 
[  2] Utilization = 0.71 | pJ/Compute =   12.382 | L5[WIO] C4 - L4[IO] H5 P5 M2X Q5X - L3[] H1 S3Y - L2[I] H1 - L1[W] R3 C4 - L0[O] M16 
[  6] Utilization = 0.71 | pJ/Compute =   35.435 | L5[WIO] H1 - L4[IO] H5 M4 P5 C8 M2X Q5X - L3[] H1 S3Y - L2[I] H1 - L1[W] R3 C2 - L0[O] M4 
[  0] Utilization = 0.71 | pJ/Compute =   19.914 | L5[WIO] M2 C16 - L4[IO] H5 M8 P5 M2X Q5X - L3[] H1 S3Y - L2[I] H1 - L1[W] R3 - L0[O] H1 
[  3] Utilization = 0.71 | pJ/Compute =   34.960 | L5[WIO] M2 - L4[IO] M8 P5 C8 M2X Q5X - L3[] H1 S3Y - L2[I] H1 - L1[W] R3 C2 - L0[O] H5 
[  3] Utilization = 0.71 | pJ/Compute =   17.565 | L5[WIO] M8 C16 - L4[IO] M2 P5 M2X Q5X - L3[] H1 S3Y - L2[I] H1 - L1[W] R3 - L0[O] H5 
[  3] Utilization = 0.71 | pJ/Compute =   16.388 | L5[WIO] C16 - L4[IO] H5 M4 P5 M2X Q5X - L3[] H1 S3Y - L2[I] H1 - L1[W] R3 - L0[O] M4 
[  6] Utilization = 0.71 | pJ/Compute =   35.386 | L5[WIO] C8 - L4[IO] M4 P5 M2X Q5X - L3[] H5 S3Y - L2[I] H1 - L1[W] R3 C2 - L0[O] M4 
[  6] Utilization = 0.71 | pJ/Compute =   18.997 | L5[WIO] M8 C8 - L4[IO] H5 M2 P5 M2X Q5X - L3[] H1 S3Y - L2[I] H1 - L1[W] R3 C2 - L0[O] H1 
[  5] Utilization = 0.71 | pJ/Compute =   14.013 | L5[WIO] H5 C4 - L4[IO] M4 P5 M2X Q5X - L3[] H1 S3Y - L2[I] H1 - L1[W] R3 C4 - L0[O] M4 
[  3] Utilization = 0.71 | pJ/Compute =   14.249 | L5[WIO] M2 C8 - L4[IO] M8 P5 M2X Q5X - L3[] H1 S3Y - L2[I] H1 - L1[W] R3 C2 - L0[O] H5 
[  6] Utilization = 0.71 | pJ/Compute =   17.496 | L5[WIO] C16 - L4[IO] H5 M8 P5 M2X Q5X - L3[] H1 S3Y - L2[I] H1 - L1[W] R3 - L0[O] M2 
[  6] Utilization = 0.71 | pJ/Compute =   13.191 | L5[WIO] M2 C4 - L4[IO] M8 P5 M2X Q5X - L3[] H1 S3Y - L2[I] H1 - L1[W] R3 C4 - L0[O] H5 
[  7] Utilization = 0.71 | pJ/Compute =   15.005 | L5[WIO] M8 C8 - L4[IO] P5 M2X Q5X - L3[] H1 S3Y - L2[I] H1 - L1[W] R3 C2 - L0[O] H5 M2 
[  7] Utilization = 0.71 | pJ/Compute =   13.591 | L5[WIO] M4 C4 - L4[IO] M4 P5 M2X Q5X - L3[] H1 S3Y - L2[I] H1 - L1[W] H5 R3 C4 - L0[O] H1 
[  4] Utilization = 0.71 | pJ/Compute =   16.366 | L5[WIO] M2 C16 - L4[IO] M8 P5 M2X Q5X - L3[] H1 S3Y - L2[I] H1 - L1[W] H5 R3 - L0[O] H1 
[  4] Utilization = 0.71 | pJ/Compute =   14.649 | L5[WIO] M4 C8 - L4[IO] M4 P5 M2X Q5X - L3[] H1 S3Y - L2[I] H1 - L1[W] H5 R3 C2 - L0[O] H1 
[  1] Utilization = 0.71 | pJ/Compute =   34.010 | L5[WIO] M8 - L4[IO] P5 C4 M2X Q5X - L3[] H1 S3Y - L2[I] H1 - L1[W] R3 C4 - L0[O] H5 M2 
[  1] Utilization = 0.71 | pJ/Compute =   33.972 | L5[WIO] H1 - L4[IO] P5 C4 M2X Q5X - L3[] H1 S3Y - L2[I] H5 - L1[W] R3 C4 - L0[O] M16 
[  1] Utilization = 0.71 | pJ/Compute =   13.813 | L5[WIO] M4 C4 - L4[IO] H5 P5 M2X Q5X - L3[] H1 S3Y - L2[I] H1 - L1[W] R3 C4 - L0[O] M4 
[  0] Utilization = 0.71 | pJ/Compute =   15.833 | L5[WIO] C16 - L4[IO] H5 M2 P5 M2X Q5X - L3[] H1 S3Y - L2[I] H1 - L1[W] R3 - L0[O] M8 
[  5] Utilization = 0.71 | pJ/Compute =   13.606 | L5[WIO] C8 - L4[IO] M8 P5 M2X Q5X - L3[] H1 S3Y - L2[I] H1 - L1[W] H5 R3 C2 - L0[O] M2 
[  1] Utilization = 0.71 | pJ/Compute =   13.413 | L5[WIO] M2 C4 - L4[IO] H5 M2 P5 M2X Q5X - L3[] H1 S3Y - L2[I] H1 - L1[W] R3 C4 - L0[O] M4 
[  1] Utilization = 0.71 | pJ/Compute =   13.213 | L5[WIO] C4 - L4[IO] H5 M4 P5 M2X Q5X - L3[] H1 S3Y - L2[I] H1 - L1[W] R3 C4 - L0[O] M4 
[  0] Utilization = 0.71 | pJ/Compute =   14.649 | L5[WIO] M4 C8 - L4[IO] M4 P5 M2X Q5X - L3[] H1 S3Y - L2[I] H1 - L1[W] R3 C2 - L0[O] H5 
[  0] Utilization = 0.71 | pJ/Compute =   13.806 | L5[WIO] M2 C8 - L4[IO] M4 P5 M2X Q5X - L3[] H1 S3Y - L2[I] H1 - L1[W] H5 R3 C2 - L0[O] M2 
[  3] Utilization = 0.71 | pJ/Compute =   13.591 | L5[WIO] M4 C4 - L4[IO] M4 P5 M2X Q5X - L3[] H1 S3Y - L2[I] H1 - L1[W] R3 C4 - L0[O] H5 
[  4] Utilization = 0.71 | pJ/Compute =   13.147 | L5[WIO] M4 C4 - L4[IO] M2 P5 M2X Q5X - L3[] H1 S3Y - L2[I] H1 - L1[W] R3 C4 - L0[O] H5 M2 
[  3] Utilization = 0.71 | pJ/Compute =   12.748 | L5[WIO] M2 C4 - L4[IO] M4 P5 M2X Q5X - L3[] H1 S3Y - L2[I] H1 - L1[W] H5 R3 C4 - L0[O] M2 
[  0] Utilization = 0.71 | pJ/Compute =   13.147 | L5[WIO] M4 C4 - L4[IO] M2 P5 M2X Q5X - L3[] H1 S3Y - L2[I] H1 - L1[W] H5 R3 C4 - L0[O] M2 
[  7] Utilization = 0.71 | pJ/Compute =   12.748 | L5[WIO] M2 C4 - L4[IO] M4 P5 M2X Q5X - L3[] H1 S3Y - L2[I] H1 - L1[W] R3 C4 - L0[O] H5 M2 
[  4] Utilization = 0.71 | pJ/Compute =   12.548 | L5[WIO] C4 - L4[IO] M8 P5 M2X Q5X - L3[] H1 S3Y - L2[I] H1 - L1[W] R3 C4 - L0[O] H5 M2 
[  0] Utilization = 0.71 | pJ/Compute =   12.548 | L5[WIO] C4 - L4[IO] M8 P5 M2X Q5X - L3[] H1 S3Y - L2[I] H1 - L1[W] H5 R3 C4 - L0[O] M2 
[  6] Utilization = 0.71 | pJ/Compute =   12.659 | L5[WIO] C4 - L4[IO] H5 M2 P5 M2X Q5X - L3[] H1 S3Y - L2[I] H1 - L1[W] R3 C4 - L0[O] M8 
[  2] STATEMENT: 3000 suboptimal mappings found since the last upgrade, terminating search.
[  1] STATEMENT: 3000 suboptimal mappings found since the last upgrade, terminating search.
[  5] STATEMENT: 3000 suboptimal mappings found since the last upgrade, terminating search.
[  3] STATEMENT: 3000 suboptimal mappings found since the last upgrade, terminating search.
[  7] STATEMENT: 3000 suboptimal mappings found since the last upgrade, terminating search.
[  4] STATEMENT: 3000 suboptimal mappings found since the last upgrade, terminating search.
[  0] STATEMENT: 3000 suboptimal mappings found since the last upgrade, terminating search.
[  6] STATEMENT: 3000 suboptimal mappings found since the last upgrade, terminating search.
