[  3] Utilization = 0.04 | pJ/Compute =   75.005 | L5[WIO] M2 C8 - L4[IO] M4 P2 C8 Q2X - L3[] H5 M2Y S3Y - L2[I] H1 - L1[W] R3 - L0[O] M8 
[  7] Utilization = 0.29 | pJ/Compute =  136.780 | L5[WIO] Q2 M2 - L4[IO] M2 P2 C32 M8X - L3[] H1 M2Y C2Y S3Y - L2[I] H1 - L1[W] H5 R3 - L0[O] M2 
[  3] Utilization = 0.14 | pJ/Compute =   72.934 | L5[WIO] H5 M16 - L4[IO] P2 C32 M2X Q2X - L3[] H1 M2Y C2Y S3Y - L2[I] H1 - L1[W] R3 - L0[O] M2 
[  5] Utilization = 0.14 | pJ/Compute =   72.804 | L5[WIO] C2 - L4[IO] M8 P2 C16 M2X Q2X - L3[] H5 M4Y S3Y - L2[I] H1 - L1[W] R3 C2 - L0[O] M2 
[  1] Utilization = 0.04 | pJ/Compute =   72.888 | L5[WIO] M2 C8 - L4[IO] M4 P2 C4 Q2X - L3[] H5 M2Y S3Y - L2[I] H1 - L1[W] R3 C2 - L0[O] M8 
[  0] Utilization = 0.14 | pJ/Compute =   71.889 | L5[WIO] M2 C8 - L4[IO] M4 P2 C2 Q2X - L3[] H5 M2Y C4Y S3Y - L2[I] H1 - L1[W] R3 - L0[O] M8 
[  6] Utilization = 0.14 | pJ/Compute =  136.739 | L5[WIO] Q2 M2 - L4[IO] M2 P2 C32 M8X - L3[] H1 M2Y S3Y - L2[I] H1 - L1[W] H5 R3 C2 - L0[O] M2 
[  2] Utilization = 0.07 | pJ/Compute =   72.929 | L5[WIO] M2 C8 - L4[IO] M4 P2 C4 Q2X - L3[] H5 M2Y C2Y S3Y - L2[I] H1 - L1[W] R3 - L0[O] M8 
[  5] Utilization = 0.29 | pJ/Compute =   70.946 | L5[WIO] M2 C2 - L4[IO] M4 P2 C16 M4X Q2X - L3[] H1 M4Y S3Y - L2[I] H1 - L1[W] R3 C2 - L0[O] H5 
[  4] Utilization = 0.07 | pJ/Compute =  135.835 | L5[WIO] Q2 C2 - L4[IO] H5 M8 P2 C8 - L3[] H1 M4Y C2Y S3Y - L2[I] H1 - L1[W] R3 C2 - L0[O] M4 
[  6] Utilization = 0.29 | pJ/Compute =   72.934 | L5[WIO] H5 M16 - L4[IO] P2 C4 M2X Q2X - L3[] H1 M2Y C4Y S3Y - L2[I] H1 - L1[W] R3 C4 - L0[O] M2 
[  4] Utilization = 0.07 | pJ/Compute =   71.715 | L5[WIO] M2 C16 - L4[IO] M2 P2 M2X Q2X - L3[] H5 M2Y S3Y - L2[I] H1 - L1[W] R3 C4 - L0[O] M8 
[  1] Utilization = 0.07 | pJ/Compute =   74.889 | L5[WIO] M2 C4 - L4[IO] M2 P2 C16 M2X Q2X - L3[] H5 M2Y S3Y - L2[I] H1 - L1[W] R3 - L0[O] M8 
[  2] Utilization = 0.29 | pJ/Compute =   71.226 | L5[WIO] C2 - L4[IO] M8 P2 C4 M2X Q2X - L3[] H5 M4Y C2Y S3Y - L2[I] H1 - L1[W] R3 C4 - L0[O] M2 
[  3] Utilization = 0.14 | pJ/Compute =   72.813 | L5[WIO] M2 C4 - L4[IO] M2 P2 C8 M2X Q2X - L3[] H5 M2Y C2Y S3Y - L2[I] H1 - L1[W] R3 - L0[O] M8 
[  0] Utilization = 0.29 | pJ/Compute =   70.946 | L5[WIO] M2 C2 - L4[IO] M4 P2 C32 M4X Q2X - L3[] H1 M4Y S3Y - L2[I] H1 - L1[W] R3 - L0[O] H5 
[  7] Utilization = 0.29 | pJ/Compute =   70.946 | L5[WIO] M2 C2 - L4[IO] M4 P2 C8 M4X Q2X - L3[] H1 M4Y S3Y - L2[I] H1 - L1[W] R3 C4 - L0[O] H5 
[  6] Utilization = 0.29 | pJ/Compute =   72.845 | L5[WIO] C2 - L4[IO] M8 P2 C16 M2X Q2X - L3[] H5 M4Y C2Y S3Y - L2[I] H1 - L1[W] R3 - L0[O] M2 
[  1] Utilization = 0.14 | pJ/Compute =   72.903 | L5[WIO] C4 - L4[IO] M64 P2 C2 Q2X - L3[] H1 C8Y S3Y - L2[I] H5 - L1[W] R3 - L0[O] M2 
[  6] Utilization = 0.57 | pJ/Compute =   70.947 | L5[WIO] M2 C2 - L4[IO] M4 P2 C16 M4X Q2X - L3[] H1 M4Y C2Y S3Y - L2[I] H1 - L1[W] R3 - L0[O] H5 
[  1] Utilization = 0.29 | pJ/Compute =   71.362 | L5[WIO] M4 C2 - L4[IO] M4 P2 C8 M2X Q2X - L3[] H1 M2Y C4Y S3Y - L2[I] H1 - L1[W] R3 - L0[O] H5 M2 
[  2] Utilization = 0.57 | pJ/Compute =   70.947 | L5[WIO] M2 C2 - L4[IO] M4 P2 C4 M4X Q2X - L3[] H1 M4Y C2Y S3Y - L2[I] H1 - L1[W] R3 C4 - L0[O] H5 
[  4] Utilization = 0.14 | pJ/Compute =  136.130 | L5[WIO] Q2 M2 C4 - L4[IO] H5 M4 P2 C4 M2X - L3[] H1 M2Y C4Y S3Y - L2[I] H1 - L1[W] R3 - L0[O] M4 
[  3] Utilization = 0.14 | pJ/Compute =   40.427 | L5[WIO] M4 C32 - L4[IO] M4 P2 M2X Q2X - L3[] H1 M2Y C2Y S3Y - L2[I] H1 - L1[W] R3 - L0[O] H5 M2 
[  7] Utilization = 0.29 | pJ/Compute =   38.547 | L5[WIO] M4 C4 - L4[IO] M4 P2 M2X Q2X - L3[] H1 M2Y C4Y S3Y - L2[I] H1 - L1[W] R3 C4 - L0[O] H5 M2 
[  0] Utilization = 0.57 | pJ/Compute =   70.803 | L5[WIO] H5 - L4[IO] M2 P2 C4 M4X Q2X - L3[] H1 C8Y S3Y - L2[I] H1 - L1[W] R3 C2 - L0[O] M16 
[  7] Utilization = 0.57 | pJ/Compute =   70.803 | L5[WIO] H5 - L4[IO] M2 P2 C8 M4X Q2X - L3[] H1 C8Y S3Y - L2[I] H1 - L1[W] R3 - L0[O] M16 
[  3] Utilization = 0.29 | pJ/Compute =   70.803 | L5[WIO] H5 - L4[IO] M2 P2 C16 M4X Q2X - L3[] H1 C4Y S3Y - L2[I] H1 - L1[W] R3 - L0[O] M16 
[  4] Utilization = 0.36 | pJ/Compute =   74.135 | L5[WIO] Q2 M2 C64 - L4[IO] P2 M8X - L3[] H1 H5Y S3Y - L2[I] H1 - L1[W] R3 - L0[O] M8 
[  5] Utilization = 0.41 | pJ/Compute =  138.974 | L5[WIO] Q2 M2 C4 - L4[IO] P2 C16 M8X - L3[] H5 M8Y S3Y - L2[I] H1 - L1[W] R3 - L0[O] H1 
[  4] Utilization = 0.57 | pJ/Compute =   71.615 | L5[WIO] M2 C2 - L4[IO] M8 P2 C4 M4X Q2X - L3[] H1 C8Y S3Y - L2[I] H5 - L1[W] R3 - L0[O] M2 
[  3] Utilization = 0.57 | pJ/Compute =   72.096 | L5[WIO] C4 - L4[IO] H5 M8 P2 C2 M4X Q2X - L3[] H1 M4Y C2Y S3Y - L2[I] H1 - L1[W] R3 C4 - L0[O] H1 
[  2] Utilization = 0.57 | pJ/Compute =   38.208 | L5[WIO] M2 C2 - L4[IO] M8 P2 M4X Q2X - L3[] H1 C8Y S3Y - L2[I] H1 - L1[W] H5 R3 C4 - L0[O] M2 
[  5] Utilization = 0.57 | pJ/Compute =  135.317 | L5[WIO] Q2 C2 - L4[IO] H5 M4 P2 C8 M8X - L3[] H1 M2Y C4Y S3Y - L2[I] H1 - L1[W] R3 - L0[O] M2 
[  1] Utilization = 0.37 | pJ/Compute =  138.399 | L5[WIO] Q2 M8 C4 - L4[IO] H5 M2 P2 C2 M8X - L3[] H1 C8Y S3Y - L2[I] H1 - L1[W] R3 - L0[O] H1 
[  5] Utilization = 0.57 | pJ/Compute =   71.983 | L5[WIO] M8 C4 - L4[IO] P2 C2 M4X Q2X - L3[] H5 C8Y S3Y - L2[I] H1 - L1[W] R3 - L0[O] M4 
[  3] Utilization = 0.57 | pJ/Compute =   71.322 | L5[WIO] M2 C4 - L4[IO] M8 P2 M4X Q2X - L3[] H5 M2Y C4Y S3Y - L2[I] H1 - L1[W] R3 C4 - L0[O] H1 
[  1] Utilization = 0.57 | pJ/Compute =   71.682 | L5[WIO] M8 C4 - L4[IO] P2 M4X Q2X - L3[] H5 C8Y S3Y - L2[I] H1 - L1[W] R3 C2 - L0[O] M4 
[  5] Utilization = 0.57 | pJ/Compute =   71.548 | L5[WIO] M2 - L4[IO] M16 P2 C2 M4X Q2X - L3[] H5 C8Y S3Y - L2[I] H1 - L1[W] R3 C4 - L0[O] H1 
[  4] Utilization = 0.57 | pJ/Compute =   70.846 | L5[WIO] M4 - L4[IO] P2 C4 M4X Q2X - L3[] H5 C8Y S3Y - L2[I] H1 - L1[W] R3 C2 - L0[O] M8 
[  3] Utilization = 0.57 | pJ/Compute =   71.006 | L5[WIO] C4 - L4[IO] P2 C2 M4X Q2X - L3[] H1 M4Y C2Y S3Y - L2[I] H5 - L1[W] R3 C4 - L0[O] M8 
[  1] Utilization = 0.57 | pJ/Compute =   38.581 | L5[WIO] C4 - L4[IO] M32 P2 M4X Q2X - L3[] H1 C8Y S3Y - L2[I] H1 - L1[W] R3 C2 - L0[O] H5 
[  0] Utilization = 0.57 | pJ/Compute =   43.023 | L5[WIO] H5 M8 C8 - L4[IO] P2 M4X Q2X - L3[] H1 M2Y C4Y S3Y - L2[I] H1 - L1[W] R3 C2 - L0[O] M2 
[  5] Utilization = 0.57 | pJ/Compute =   71.371 | L5[WIO] M2 C4 - L4[IO] M4 P2 C2 M4X Q2X - L3[] H1 C8Y S3Y - L2[I] H1 - L1[W] H5 R3 - L0[O] M4 
[  1] Utilization = 0.57 | pJ/Compute =   38.196 | L5[WIO] M2 C4 - L4[IO] M4 P2 M4X Q2X - L3[] H1 C8Y S3Y - L2[I] H1 - L1[W] H5 R3 C2 - L0[O] M4 
[  7] Utilization = 0.57 | pJ/Compute =   38.670 | L5[WIO] M4 C8 - L4[IO] M2 P2 M4X Q2X - L3[] H1 M4Y C2Y S3Y - L2[I] H1 - L1[W] H5 R3 C4 - L0[O] H1 
[  3] Utilization = 0.57 | pJ/Compute =   40.085 | L5[WIO] M2 C32 - L4[IO] M4 P2 M4X Q2X - L3[] H1 M4Y C2Y S3Y - L2[I] H1 - L1[W] H5 R3 - L0[O] H1 
[  5] Utilization = 0.57 | pJ/Compute =   43.623 | L5[WIO] H5 M8 C16 - L4[IO] P2 M4X Q2X - L3[] H1 M4Y C2Y S3Y - L2[I] H1 - L1[W] R3 C2 - L0[O] H1 
[  4] Utilization = 0.57 | pJ/Compute =   70.433 | L5[WIO] Q2 C8 - L4[IO] M8 P2 M8X - L3[] H1 M2Y C4Y S3Y - L2[I] H1 - L1[W] H5 R3 C2 - L0[O] H1 
[  5] Utilization = 0.57 | pJ/Compute =   42.043 | L5[WIO] M32 C8 - L4[IO] P2 M4X Q2X - L3[] H1 C8Y S3Y - L2[I] H1 - L1[W] H5 R3 - L0[O] H1 
[  3] Utilization = 0.57 | pJ/Compute =   38.648 | L5[WIO] M4 C4 - L4[IO] H5 P2 M4X Q2X - L3[] H1 M2Y C4Y S3Y - L2[I] H1 - L1[W] R3 C4 - L0[O] M4 
[  7] Utilization = 0.57 | pJ/Compute =   38.257 | L5[WIO] C4 - L4[IO] M16 P2 M4X Q2X - L3[] H1 M2Y C4Y S3Y - L2[I] H1 - L1[W] R3 C4 - L0[O] H5 
[  3] Utilization = 0.57 | pJ/Compute =   38.359 | L5[WIO] M2 C4 - L4[IO] M8 P2 M4X Q2X - L3[] H1 M2Y C4Y S3Y - L2[I] H1 - L1[W] H5 R3 C4 - L0[O] H1 
[  0] Utilization = 0.57 | pJ/Compute =   40.559 | L5[WIO] H5 M4 C8 - L4[IO] P2 M4X Q2X - L3[] H1 M2Y C4Y S3Y - L2[I] H1 - L1[W] R3 C2 - L0[O] M4 
[  0] Utilization = 0.57 | pJ/Compute =   38.639 | L5[WIO] M2 C8 - L4[IO] M8 P2 M4X Q2X - L3[] H1 M2Y C4Y S3Y - L2[I] H1 - L1[W] R3 C2 - L0[O] H5 
[  6] Utilization = 0.57 | pJ/Compute =   40.626 | L5[WIO] M16 C16 - L4[IO] P2 M4X Q2X - L3[] H1 M2Y C4Y S3Y - L2[I] H1 - L1[W] H5 R3 - L0[O] H1 
[  5] Utilization = 0.57 | pJ/Compute =   38.984 | L5[WIO] M2 C8 - L4[IO] M16 P2 M4X Q2X - L3[] H1 C8Y S3Y - L2[I] H1 - L1[W] R3 - L0[O] H5 
[  4] Utilization = 0.57 | pJ/Compute =   39.030 | L5[WIO] H5 C8 - L4[IO] M4 P2 M4X Q2X - L3[] H1 M2Y C4Y S3Y - L2[I] H1 - L1[W] R3 C2 - L0[O] M4 
[  6] Utilization = 0.57 | pJ/Compute =   40.530 | L5[WIO] H5 M4 C2 - L4[IO] M2 P2 M4X Q2X - L3[] H1 C8Y S3Y - L2[I] H1 - L1[W] R3 C4 - L0[O] M4 
[  6] Utilization = 0.57 | pJ/Compute =   37.984 | L5[WIO] C2 - L4[IO] H5 M2 P2 M4X Q2X - L3[] H1 C8Y S3Y - L2[I] H1 - L1[W] R3 C4 - L0[O] M16 
[  5] Utilization = 0.57 | pJ/Compute =   38.904 | L5[WIO] C16 - L4[IO] M8 P2 M4X Q2X - L3[] H1 M4Y C2Y S3Y - L2[I] H1 - L1[W] H5 R3 C2 - L0[O] H1 
[  4] Utilization = 0.57 | pJ/Compute =   38.537 | L5[WIO] C8 - L4[IO] M16 P2 M4X Q2X - L3[] H1 M2Y C4Y S3Y - L2[I] H1 - L1[W] H5 R3 C2 - L0[O] H1 
[  5] Utilization = 0.57 | pJ/Compute =   38.400 | L5[WIO] M4 C4 - L4[IO] M2 P2 M4X Q2X - L3[] H1 C8Y S3Y - L2[I] H1 - L1[W] H5 R3 C2 - L0[O] M4 
[  3] Utilization = 0.57 | pJ/Compute =   38.086 | L5[WIO] C4 - L4[IO] M8 P2 M4X Q2X - L3[] H1 M2Y C4Y S3Y - L2[I] H1 - L1[W] R3 C4 - L0[O] H5 M2 
[  5] Utilization = 0.57 | pJ/Compute =   38.237 | L5[WIO] M2 C4 - L4[IO] H5 P2 M4X Q2X - L3[] H1 C8Y S3Y - L2[I] H1 - L1[W] R3 C2 - L0[O] M16 
[  2] STATEMENT: 3000 suboptimal mappings found since the last upgrade, terminating search.
[  1] STATEMENT: 3000 suboptimal mappings found since the last upgrade, terminating search.
[  7] STATEMENT: 3000 suboptimal mappings found since the last upgrade, terminating search.
[  0] STATEMENT: 3000 suboptimal mappings found since the last upgrade, terminating search.
[  6] STATEMENT: 3000 suboptimal mappings found since the last upgrade, terminating search.
[  4] Utilization = 0.57 | pJ/Compute =   38.282 | L5[WIO] C8 - L4[IO] M4 P2 M4X Q2X - L3[] H1 M2Y C4Y S3Y - L2[I] H1 - L1[W] H5 R3 C2 - L0[O] M4 
[  3] STATEMENT: 3000 suboptimal mappings found since the last upgrade, terminating search.
[  5] STATEMENT: 3000 suboptimal mappings found since the last upgrade, terminating search.
[  4] STATEMENT: 3000 suboptimal mappings found since the last upgrade, terminating search.
