[  5] Utilization = 0.71 | pJ/Compute =   17.083 | L5[WIO] M16 C8 - L4[IO] P5 M2X Q5X - L3[] H1 C2Y S3Y - L2[I] H1 - L1[W] R3 - L0[O] H5 
[  7] Utilization = 0.36 | pJ/Compute =   15.989 | L5[WIO] M16 C4 - L4[IO] P5 M2X Q5X - L3[] H1 S3Y - L2[I] H1 - L1[W] R3 C4 - L0[O] H5 
[  1] Utilization = 0.36 | pJ/Compute =   38.222 | L5[WIO] M16 C2 - L4[IO] P5 C8 M2X Q5X - L3[] H1 S3Y - L2[I] H1 - L1[W] R3 - L0[O] H5 
[  3] Utilization = 0.71 | pJ/Compute =   38.227 | L5[WIO] M16 C2 - L4[IO] P5 C4 M2X Q5X - L3[] H1 C2Y S3Y - L2[I] H1 - L1[W] R3 - L0[O] H5 
[  0] Utilization = 0.71 | pJ/Compute =   37.930 | L5[WIO] H5 M8 - L4[IO] P5 C4 M2X Q5X - L3[] H1 M2Y S3Y - L2[I] H1 - L1[W] R3 C4 - L0[O] H1 
[  6] Utilization = 0.36 | pJ/Compute =   39.809 | L5[WIO] M16 C8 - L4[IO] P5 C2 M2X Q5X - L3[] H1 S3Y - L2[I] H1 - L1[W] R3 - L0[O] H5 
[  1] Utilization = 0.36 | pJ/Compute =   34.874 | L5[WIO] M4 C2 - L4[IO] M2 P5 C4 Q5X - L3[] H1 M2Y S3Y - L2[I] H1 - L1[W] R3 C2 - L0[O] H5 M2 
[  4] Utilization = 0.36 | pJ/Compute =   17.047 | L5[WIO] M16 C8 - L4[IO] P5 M2X Q5X - L3[] H1 S3Y - L2[I] H1 - L1[W] R3 C2 - L0[O] H5 
[  3] Utilization = 0.71 | pJ/Compute =   25.344 | L5[WIO] H5 M8 C16 - L4[IO] P5 M2X Q5X - L3[] H1 M2Y S3Y - L2[I] H1 - L1[W] R3 - L0[O] H1 
[  2] Utilization = 0.14 | pJ/Compute =   36.529 | L5[WIO] Q5 M2 C16 - L4[IO] P5 M2X - L3[] H1 M2Y S3Y - L2[I] H1 - L1[W] H5 R3 - L0[O] M4 
[  4] Utilization = 0.71 | pJ/Compute =   35.230 | L5[WIO] H1 - L4[IO] M16 P5 C2 M2X Q5X - L3[] H5 C2Y S3Y - L2[I] H1 - L1[W] R3 C4 - L0[O] H1 
[  2] Utilization = 0.36 | pJ/Compute =   38.222 | L5[WIO] M16 C2 - L4[IO] P5 C4 M2X Q5X - L3[] H1 S3Y - L2[I] H1 - L1[W] R3 C2 - L0[O] H5 
[  6] Utilization = 0.36 | pJ/Compute =   13.147 | L5[WIO] M4 C4 - L4[IO] M2 P5 Q5X - L3[] H1 M2Y S3Y - L2[I] H1 - L1[W] R3 C4 - L0[O] H5 M2 
[  6] Utilization = 0.71 | pJ/Compute =   34.827 | L5[WIO] H1 - L4[IO] M8 P5 C4 M2X Q5X - L3[] H5 M2Y S3Y - L2[I] H1 - L1[W] R3 C4 - L0[O] H1 
[  2] Utilization = 0.36 | pJ/Compute =   35.007 | L5[WIO] M2 C2 - L4[IO] M4 P5 C2 Q5X - L3[] H1 C2Y S3Y - L2[I] H1 - L1[W] H5 R3 C2 - L0[O] M4 
[  2] Utilization = 0.71 | pJ/Compute =   36.558 | L5[WIO] H5 C2 - L4[IO] M4 P5 C8 M2X Q5X - L3[] H1 M2Y S3Y - L2[I] H1 - L1[W] R3 - L0[O] M2 
[  1] Utilization = 0.71 | pJ/Compute =   35.138 | L5[WIO] C8 - L4[IO] M4 P5 M2X Q5X - L3[] H1 M2Y S3Y - L2[I] H5 - L1[W] R3 C2 - L0[O] M2 
[  7] Utilization = 0.71 | pJ/Compute =   35.398 | L5[WIO] C4 - L4[IO] M4 P5 C2 M2X Q5X - L3[] H1 M2Y S3Y - L2[I] H5 - L1[W] R3 C2 - L0[O] M2 
[  6] Utilization = 0.71 | pJ/Compute =   12.934 | L5[WIO] H5 C2 - L4[IO] M2 P5 M2X Q5X - L3[] H1 C2Y S3Y - L2[I] H1 - L1[W] R3 C4 - L0[O] M8 
[  5] Utilization = 0.71 | pJ/Compute =   15.098 | L5[WIO] H5 C8 - L4[IO] M4 P5 M2X Q5X - L3[] H1 M2Y S3Y - L2[I] H1 - L1[W] R3 C2 - L0[O] M2 
[  0] Utilization = 0.71 | pJ/Compute =   35.033 | L5[WIO] C4 - L4[IO] P5 C2 M2X Q5X - L3[] H5 M2Y S3Y - L2[I] H1 - L1[W] R3 C2 - L0[O] M8 
[  2] Utilization = 0.71 | pJ/Compute =   34.247 | L5[WIO] H5 - L4[IO] M2 P5 C4 M2X Q5X - L3[] H1 C2Y S3Y - L2[I] H1 - L1[W] R3 C2 - L0[O] M8 
[  4] Utilization = 0.71 | pJ/Compute =   34.080 | L5[WIO] C4 - L4[IO] M4 P5 M2X Q5X - L3[] H1 M2Y S3Y - L2[I] H5 - L1[W] R3 C4 - L0[O] M2 
[  0] Utilization = 0.71 | pJ/Compute =   34.247 | L5[WIO] H5 - L4[IO] M2 P5 C8 M2X Q5X - L3[] H1 C2Y S3Y - L2[I] H1 - L1[W] R3 - L0[O] M8 
[  2] Utilization = 0.71 | pJ/Compute =   15.506 | L5[WIO] C16 - L4[IO] M4 P5 M2X Q5X - L3[] H1 M2Y S3Y - L2[I] H1 - L1[W] H5 R3 - L0[O] M2 
[  6] Utilization = 0.71 | pJ/Compute =   12.542 | L5[WIO] M2 C4 - L4[IO] M2 P5 M2X Q5X - L3[] H1 C2Y S3Y - L2[I] H1 - L1[W] H5 R3 C2 - L0[O] M4 
[  7] Utilization = 0.71 | pJ/Compute =   34.340 | L5[WIO] C2 - L4[IO] M4 P5 C2 M2X Q5X - L3[] H1 M2Y S3Y - L2[I] H1 - L1[W] H5 R3 C4 - L0[O] M2 
[  4] Utilization = 0.71 | pJ/Compute =   34.033 | L5[WIO] H1 - L4[IO] M8 P5 C8 M2X Q5X - L3[] H1 M2Y S3Y - L2[I] H1 - L1[W] R3 C2 - L0[O] H5 
[  1] Utilization = 0.71 | pJ/Compute =   34.277 | L5[WIO] H1 - L4[IO] H5 M2 P5 C16 M2X Q5X - L3[] H1 M2Y S3Y - L2[I] H1 - L1[W] R3 - L0[O] M4 
[  3] Utilization = 0.71 | pJ/Compute =   12.397 | L5[WIO] C4 - L4[IO] H5 P5 M2X Q5X - L3[] H1 C2Y S3Y - L2[I] H1 - L1[W] R3 C2 - L0[O] M16 
[  0] Utilization = 0.71 | pJ/Compute =   13.476 | L5[WIO] C8 - L4[IO] H5 P5 M2X Q5X - L3[] H1 C2Y S3Y - L2[I] H1 - L1[W] R3 - L0[O] M16 
[  7] Utilization = 0.71 | pJ/Compute =   15.597 | L5[WIO] H5 M2 C2 - L4[IO] M4 P5 M2X Q5X - L3[] H1 C2Y S3Y - L2[I] H1 - L1[W] R3 C4 - L0[O] M2 
[  5] Utilization = 0.71 | pJ/Compute =   13.866 | L5[WIO] M8 C2 - L4[IO] M2 P5 M2X Q5X - L3[] H1 C2Y S3Y - L2[I] H1 - L1[W] R3 C4 - L0[O] H5 
[  1] Utilization = 0.71 | pJ/Compute =   13.866 | L5[WIO] M8 C2 - L4[IO] M2 P5 M2X Q5X - L3[] H1 C2Y S3Y - L2[I] H1 - L1[W] H5 R3 C4 - L0[O] H1 
[  5] Utilization = 0.71 | pJ/Compute =   12.689 | L5[WIO] C2 - L4[IO] H5 M4 P5 M2X Q5X - L3[] H1 C2Y S3Y - L2[I] H1 - L1[W] R3 C4 - L0[O] M4 
[  4] Utilization = 0.71 | pJ/Compute =   33.546 | L5[WIO] H1 - L4[IO] M4 P5 C16 M2X Q5X - L3[] H1 M2Y S3Y - L2[I] H1 - L1[W] R3 - L0[O] H5 M2 
[  7] Utilization = 0.71 | pJ/Compute =   14.977 | L5[WIO] M4 C4 - L4[IO] H5 M2 P5 M2X Q5X - L3[] H1 M2Y S3Y - L2[I] H1 - L1[W] R3 C4 - L0[O] H1 
[  4] Utilization = 0.71 | pJ/Compute =   16.035 | L5[WIO] M4 C8 - L4[IO] H5 M2 P5 M2X Q5X - L3[] H1 M2Y S3Y - L2[I] H1 - L1[W] R3 C2 - L0[O] H1 
[  2] Utilization = 0.71 | pJ/Compute =   15.016 | L5[WIO] M8 C8 - L4[IO] P5 M2X Q5X - L3[] H1 M2Y S3Y - L2[I] H1 - L1[W] R3 C2 - L0[O] H5 
[  4] Utilization = 0.71 | pJ/Compute =   12.931 | L5[WIO] M4 C4 - L4[IO] P5 M2X Q5X - L3[] H1 M2Y S3Y - L2[I] H1 - L1[W] R3 C4 - L0[O] H5 M2 
[  7] Utilization = 0.71 | pJ/Compute =   13.207 | L5[WIO] M2 C4 - L4[IO] M8 P5 M2X Q5X - L3[] H1 C2Y S3Y - L2[I] H1 - L1[W] R3 C2 - L0[O] H5 
[  0] Utilization = 0.71 | pJ/Compute =   12.332 | L5[WIO] C4 - L4[IO] M4 P5 M2X Q5X - L3[] H1 M2Y S3Y - L2[I] H1 - L1[W] H5 R3 C4 - L0[O] M2 
[  4] Utilization = 0.71 | pJ/Compute =   12.532 | L5[WIO] M2 C4 - L4[IO] M2 P5 M2X Q5X - L3[] H1 M2Y S3Y - L2[I] H1 - L1[W] R3 C4 - L0[O] H5 M2 
[  1] Utilization = 0.71 | pJ/Compute =   13.590 | L5[WIO] M2 C8 - L4[IO] M2 P5 M2X Q5X - L3[] H1 M2Y S3Y - L2[I] H1 - L1[W] R3 C2 - L0[O] H5 M2 
[  2] Utilization = 0.71 | pJ/Compute =   13.828 | L5[WIO] M4 C4 - L4[IO] H5 P5 M2X Q5X - L3[] H1 C2Y S3Y - L2[I] H1 - L1[W] R3 C2 - L0[O] M4 
[  2] Utilization = 0.71 | pJ/Compute =   12.759 | L5[WIO] M2 C4 - L4[IO] M4 P5 M2X Q5X - L3[] H1 M2Y S3Y - L2[I] H1 - L1[W] R3 C4 - L0[O] H5 
[  2] Utilization = 0.71 | pJ/Compute =   12.135 | L5[WIO] C2 - L4[IO] H5 M2 P5 M2X Q5X - L3[] H1 C2Y S3Y - L2[I] H1 - L1[W] R3 C4 - L0[O] M8 
[  4] Utilization = 0.71 | pJ/Compute =   12.332 | L5[WIO] C4 - L4[IO] M4 P5 M2X Q5X - L3[] H1 M2Y S3Y - L2[I] H1 - L1[W] R3 C4 - L0[O] H5 M2 
[  1] Utilization = 0.71 | pJ/Compute =   13.390 | L5[WIO] C8 - L4[IO] M4 P5 M2X Q5X - L3[] H1 M2Y S3Y - L2[I] H1 - L1[W] R3 C2 - L0[O] H5 M2 
[  1] Utilization = 0.71 | pJ/Compute =   12.673 | L5[WIO] C4 - L4[IO] H5 M2 P5 M2X Q5X - L3[] H1 M2Y S3Y - L2[I] H1 - L1[W] R3 C4 - L0[O] M4 
[  3] Utilization = 0.71 | pJ/Compute =   12.335 | L5[WIO] M2 C2 - L4[IO] H5 P5 M2X Q5X - L3[] H1 C2Y S3Y - L2[I] H1 - L1[W] R3 C4 - L0[O] M8 
[  7] Utilization = 0.71 | pJ/Compute =   13.158 | L5[WIO] M4 C4 - L4[IO] M2 P5 M2X Q5X - L3[] H1 M2Y S3Y - L2[I] H1 - L1[W] R3 C4 - L0[O] H5 
[  0] Utilization = 0.71 | pJ/Compute =   12.024 | L5[WIO] C2 - L4[IO] M8 P5 M2X Q5X - L3[] H1 C2Y S3Y - L2[I] H1 - L1[W] R3 C4 - L0[O] H5 M2 
[  4] Utilization = 0.71 | pJ/Compute =   12.024 | L5[WIO] C2 - L4[IO] M8 P5 M2X Q5X - L3[] H1 C2Y S3Y - L2[I] H1 - L1[W] H5 R3 C4 - L0[O] M2 
[  3] Utilization = 0.71 | pJ/Compute =   12.224 | L5[WIO] M2 C2 - L4[IO] M4 P5 M2X Q5X - L3[] H1 C2Y S3Y - L2[I] H1 - L1[W] R3 C4 - L0[O] H5 M2 
[  7] Utilization = 0.71 | pJ/Compute =   12.559 | L5[WIO] C4 - L4[IO] M8 P5 M2X Q5X - L3[] H1 M2Y S3Y - L2[I] H1 - L1[W] R3 C4 - L0[O] H5 
[  5] Utilization = 0.71 | pJ/Compute =   12.564 | L5[WIO] C4 - L4[IO] M8 P5 M2X Q5X - L3[] H1 C2Y S3Y - L2[I] H1 - L1[W] R3 C2 - L0[O] H5 M2 
[  7] Utilization = 0.71 | pJ/Compute =   12.224 | L5[WIO] M2 C2 - L4[IO] M4 P5 M2X Q5X - L3[] H1 C2Y S3Y - L2[I] H1 - L1[W] H5 R3 C4 - L0[O] M2 
[  6] STATEMENT: 3000 suboptimal mappings found since the last upgrade, terminating search.
[  5] Utilization = 0.71 | pJ/Compute =   12.389 | L5[WIO] C4 - L4[IO] H5 P5 M2X Q5X - L3[] H1 M2Y S3Y - L2[I] H1 - L1[W] R3 C4 - L0[O] M8 
[  2] STATEMENT: 3000 suboptimal mappings found since the last upgrade, terminating search.
[  1] Utilization = 0.71 | pJ/Compute =   12.564 | L5[WIO] C4 - L4[IO] M8 P5 M2X Q5X - L3[] H1 C2Y S3Y - L2[I] H1 - L1[W] H5 R3 C2 - L0[O] M2 
[  4] STATEMENT: 3000 suboptimal mappings found since the last upgrade, terminating search.
[  0] STATEMENT: 3000 suboptimal mappings found since the last upgrade, terminating search.
[  3] STATEMENT: 3000 suboptimal mappings found since the last upgrade, terminating search.
[  7] STATEMENT: 3000 suboptimal mappings found since the last upgrade, terminating search.
[  5] STATEMENT: 3000 suboptimal mappings found since the last upgrade, terminating search.
[  1] STATEMENT: 3000 suboptimal mappings found since the last upgrade, terminating search.
