[  4] Utilization = 0.14 | pJ/Compute =  136.867 | L5[WIO] Q5 - L4[IO] P5 C8 M2X - L3[] Q1 M2Y S3Y - L2[I] Q1 - L1[W] R3 C2 - L0[O] M8 
[  5] Utilization = 0.18 | pJ/Compute =   55.893 | L5[WIO] M4 C2 - L4[IO] M8 P5 C2 Q5X - L3[] Q1 S3Y - L2[I] Q1 - L1[W] R3 C4 - L0[O] Q1 
[  2] Utilization = 0.36 | pJ/Compute =   24.138 | L5[WIO] M4 C2 - L4[IO] M8 P5 Q5X - L3[] Q1 C2Y S3Y - L2[I] Q1 - L1[W] R3 C4 - L0[O] Q1 
[  1] Utilization = 0.36 | pJ/Compute =   39.472 | L5[WIO] M4 C2 - L4[IO] P5 C4 Q5X - L3[] Q1 C2Y S3Y - L2[I] Q1 - L1[W] R3 - L0[O] M8 
[  4] Utilization = 0.18 | pJ/Compute =   39.467 | L5[WIO] M4 C2 - L4[IO] P5 C2 Q5X - L3[] Q1 S3Y - L2[I] Q1 - L1[W] R3 C4 - L0[O] M8 
[  4] Utilization = 0.71 | pJ/Compute =   36.319 | L5[WIO] C8 - L4[IO] P5 C2 M2X Q5X - L3[] Q1 M2Y S3Y - L2[I] Q1 - L1[W] R3 - L0[O] M8 
[  0] Utilization = 0.18 | pJ/Compute =   27.836 | L5[WIO] M4 C16 - L4[IO] M8 P5 Q5X - L3[] Q1 S3Y - L2[I] Q1 - L1[W] R3 - L0[O] Q1 
[  5] Utilization = 0.36 | pJ/Compute =   39.472 | L5[WIO] M4 C2 - L4[IO] P5 C2 Q5X - L3[] Q1 C2Y S3Y - L2[I] Q1 - L1[W] R3 C2 - L0[O] M8 
[  7] Utilization = 0.18 | pJ/Compute =   39.467 | L5[WIO] M4 C2 - L4[IO] P5 C8 Q5X - L3[] Q1 S3Y - L2[I] Q1 - L1[W] R3 - L0[O] M8 
[  3] Utilization = 0.14 | pJ/Compute =  138.694 | L5[WIO] Q5 - L4[IO] M4 P5 C8 M2X - L3[] Q1 M2Y S3Y - L2[I] Q1 - L1[W] R3 C2 - L0[O] M2 
[  3] Utilization = 0.36 | pJ/Compute =   18.091 | L5[WIO] M4 C8 - L4[IO] P5 Q5X - L3[] Q1 C2Y S3Y - L2[I] Q1 - L1[W] R3 - L0[O] M8 
[  1] Utilization = 0.36 | pJ/Compute =   16.472 | L5[WIO] M4 C2 - L4[IO] P5 Q5X - L3[] Q1 C2Y S3Y - L2[I] Q1 - L1[W] R3 C4 - L0[O] M8 
[  6] Utilization = 0.19 | pJ/Compute =   55.898 | L5[WIO] M4 C2 - L4[IO] M8 P5 C2 Q5X - L3[] Q1 C2Y S3Y - L2[I] Q1 - L1[W] R3 C2 - L0[O] Q1 
[  2] Utilization = 0.71 | pJ/Compute =   14.246 | L5[WIO] C8 - L4[IO] P5 M2X Q5X - L3[] Q1 M2Y S3Y - L2[I] Q1 - L1[W] R3 C2 - L0[O] M8 
[  7] Utilization = 0.36 | pJ/Compute =   35.047 | L5[WIO] Q1 - L4[IO] M2 P5 C8 Q5X - L3[] Q1 M2Y S3Y - L2[I] Q1 - L1[W] R3 C2 - L0[O] M8 
[  5] Utilization = 0.71 | pJ/Compute =   13.188 | L5[WIO] C4 - L4[IO] P5 M2X Q5X - L3[] Q1 M2Y S3Y - L2[I] Q1 - L1[W] R3 C4 - L0[O] M8 
[  0] Utilization = 0.71 | pJ/Compute =   34.732 | L5[WIO] C2 - L4[IO] P5 C4 M2X Q5X - L3[] Q1 M2Y S3Y - L2[I] Q1 - L1[W] R3 C2 - L0[O] M8 
[  7] Utilization = 0.71 | pJ/Compute =   35.047 | L5[WIO] M2 - L4[IO] P5 C4 M2X Q5X - L3[] Q1 C2Y S3Y - L2[I] Q1 - L1[W] R3 C2 - L0[O] M8 
[  1] Utilization = 0.71 | pJ/Compute =   35.047 | L5[WIO] M2 - L4[IO] P5 C2 M2X Q5X - L3[] Q1 C2Y S3Y - L2[I] Q1 - L1[W] R3 C4 - L0[O] M8 
[  6] Utilization = 0.36 | pJ/Compute =   35.047 | L5[WIO] M2 - L4[IO] P5 C4 M2X Q5X - L3[] Q1 S3Y - L2[I] Q1 - L1[W] R3 C4 - L0[O] M8 
[  7] Utilization = 0.71 | pJ/Compute =   25.344 | L5[WIO] M8 C16 - L4[IO] P5 M2X Q5X - L3[] Q1 M2Y S3Y - L2[I] Q1 - L1[W] R3 - L0[O] Q1 
[  6] Utilization = 0.36 | pJ/Compute =   17.012 | L5[WIO] M4 C4 - L4[IO] P5 Q5X - L3[] Q1 C2Y S3Y - L2[I] Q1 - L1[W] R3 C2 - L0[O] M8 
[  2] Utilization = 0.71 | pJ/Compute =   14.028 | L5[WIO] C4 - L4[IO] M4 P5 M2X Q5X - L3[] Q1 C2Y S3Y - L2[I] Q1 - L1[W] R3 C2 - L0[O] M4 
[  7] Utilization = 0.71 | pJ/Compute =   16.362 | L5[WIO] C16 - L4[IO] P5 M2X Q5X - L3[] Q1 M2Y S3Y - L2[I] Q1 - L1[W] R3 - L0[O] M8 
[  4] Utilization = 0.71 | pJ/Compute =   34.467 | L5[WIO] Q1 - L4[IO] P5 C4 M2X Q5X - L3[] Q1 M2Y S3Y - L2[I] Q1 - L1[W] R3 C4 - L0[O] M8 
[  0] Utilization = 0.71 | pJ/Compute =   14.598 | L5[WIO] C2 - L4[IO] M8 P5 M2X Q5X - L3[] Q1 C2Y S3Y - L2[I] Q1 - L1[W] R3 C4 - L0[O] M2 
[  3] Utilization = 0.36 | pJ/Compute =   14.457 | L5[WIO] M2 C4 - L4[IO] P5 Q5X - L3[] Q1 M2Y S3Y - L2[I] Q1 - L1[W] R3 C4 - L0[O] M8 
[  6] Utilization = 0.71 | pJ/Compute =   36.558 | L5[WIO] C2 - L4[IO] M4 P5 C8 M2X Q5X - L3[] Q1 M2Y S3Y - L2[I] Q1 - L1[W] R3 - L0[O] M2 
[  4] Utilization = 0.71 | pJ/Compute =   17.645 | L5[WIO] M2 C16 - L4[IO] P5 M2X Q5X - L3[] Q1 M2Y S3Y - L2[I] Q1 - L1[W] R3 - L0[O] M4 
[  0] Utilization = 0.71 | pJ/Compute =   14.473 | L5[WIO] M2 C4 - L4[IO] P5 M2X Q5X - L3[] Q1 C2Y S3Y - L2[I] Q1 - L1[W] R3 C2 - L0[O] M8 
[  3] Utilization = 0.71 | pJ/Compute =   36.558 | L5[WIO] C2 - L4[IO] M4 P5 C2 M2X Q5X - L3[] Q1 M2Y S3Y - L2[I] Q1 - L1[W] R3 C4 - L0[O] M2 
[  7] Utilization = 0.71 | pJ/Compute =   15.529 | L5[WIO] M2 C8 - L4[IO] P5 M2X Q5X - L3[] Q1 M2Y S3Y - L2[I] Q1 - L1[W] R3 C2 - L0[O] M4 
[  3] Utilization = 0.71 | pJ/Compute =   13.933 | L5[WIO] M2 C2 - L4[IO] P5 M2X Q5X - L3[] Q1 C2Y S3Y - L2[I] Q1 - L1[W] R3 C4 - L0[O] M8 
[  6] Utilization = 0.71 | pJ/Compute =   12.657 | L5[WIO] C2 - L4[IO] P5 M2X Q5X - L3[] Q1 C2Y S3Y - L2[I] Q1 - L1[W] R3 C4 - L0[O] M16 
[  1] Utilization = 0.71 | pJ/Compute =   18.351 | L5[WIO] C16 - L4[IO] M8 P5 M2X Q5X - L3[] Q1 M2Y S3Y - L2[I] Q1 - L1[W] R3 - L0[O] Q1 
[  0] Utilization = 0.71 | pJ/Compute =   14.276 | L5[WIO] C8 - L4[IO] P5 M2X Q5X - L3[] Q1 C2Y S3Y - L2[I] Q1 - L1[W] R3 - L0[O] M16 
[  7] Utilization = 0.71 | pJ/Compute =   13.474 | L5[WIO] C4 - L4[IO] M2 P5 M2X Q5X - L3[] Q1 C2Y S3Y - L2[I] Q1 - L1[W] R3 C2 - L0[O] M8 
[  4] Utilization = 0.71 | pJ/Compute =   14.553 | L5[WIO] C8 - L4[IO] M2 P5 M2X Q5X - L3[] Q1 C2Y S3Y - L2[I] Q1 - L1[W] R3 - L0[O] M8 
[  3] Utilization = 0.71 | pJ/Compute =   13.197 | L5[WIO] C4 - L4[IO] P5 M2X Q5X - L3[] Q1 C2Y S3Y - L2[I] Q1 - L1[W] R3 C2 - L0[O] M16 
[  1] Utilization = 0.71 | pJ/Compute =   18.095 | L5[WIO] M4 C8 - L4[IO] P5 M2X Q5X - L3[] Q1 M2Y S3Y - L2[I] Q1 - L1[W] R3 C2 - L0[O] M2 
[  1] Utilization = 0.71 | pJ/Compute =   13.472 | L5[WIO] C4 - L4[IO] M2 P5 M2X Q5X - L3[] Q1 M2Y S3Y - L2[I] Q1 - L1[W] R3 C4 - L0[O] M4 
[  2] Utilization = 0.71 | pJ/Compute =   12.934 | L5[WIO] C2 - L4[IO] M2 P5 M2X Q5X - L3[] Q1 C2Y S3Y - L2[I] Q1 - L1[W] R3 C4 - L0[O] M8 
[  4] Utilization = 0.71 | pJ/Compute =   14.040 | L5[WIO] C4 - L4[IO] M4 P5 M2X Q5X - L3[] Q1 M2Y S3Y - L2[I] Q1 - L1[W] R3 C4 - L0[O] M2 
[  5] STATEMENT: 3000 suboptimal mappings found since the last upgrade, terminating search.
[  6] STATEMENT: 3000 suboptimal mappings found since the last upgrade, terminating search.
[  7] STATEMENT: 3000 suboptimal mappings found since the last upgrade, terminating search.
[  3] STATEMENT: 3000 suboptimal mappings found since the last upgrade, terminating search.
[  1] STATEMENT: 3000 suboptimal mappings found since the last upgrade, terminating search.
[  0] STATEMENT: 3000 suboptimal mappings found since the last upgrade, terminating search.
[  2] STATEMENT: 3000 suboptimal mappings found since the last upgrade, terminating search.
[  4] STATEMENT: 3000 suboptimal mappings found since the last upgrade, terminating search.
