[  0] Utilization = 0.10 | pJ/Compute =  138.491 | L5[WIO] M2 C16 - L4[IO] M32 C8 M2X - L3[] Q1 C2Y - L2[I] Q1 - L1[W] C2 - L0[O] M4 
[  0] Utilization = 0.38 | pJ/Compute =  137.046 | L5[WIO] M8 C128 - L4[IO] C2 M8X - L3[] Q1 C2Y - L2[I] Q1 - L1[W] Q1 - L0[O] M8 
[  1] Utilization = 0.02 | pJ/Compute =  137.867 | L5[WIO] M2 C8 - L4[IO] M32 C16 - L3[] Q1 - L2[I] Q1 - L1[W] C4 - L0[O] M8 
[  2] Utilization = 0.05 | pJ/Compute =  138.484 | L5[WIO] M2 C16 - L4[IO] M32 C16 M2X - L3[] Q1 - L2[I] Q1 - L1[W] C2 - L0[O] M4 
[  2] Utilization = 0.05 | pJ/Compute =  137.870 | L5[WIO] M2 C8 - L4[IO] M32 C16 - L3[] Q1 C2Y - L2[I] Q1 - L1[W] C2 - L0[O] M8 
[  1] Utilization = 0.19 | pJ/Compute =  137.046 | L5[WIO] M8 C128 - L4[IO] C4 M8X - L3[] Q1 - L2[I] Q1 - L1[W] Q1 - L0[O] M8 
[  7] Utilization = 0.05 | pJ/Compute =  153.492 | L5[WIO] M8 - L4[IO] M64 C128 - L3[] Q1 C2Y - L2[I] Q1 - L1[W] C2 - L0[O] Q1 
[  4] Utilization = 0.05 | pJ/Compute =  138.484 | L5[WIO] M2 C16 - L4[IO] M32 C32 M2X - L3[] Q1 - L2[I] Q1 - L1[W] Q1 - L0[O] M4 
[  5] Utilization = 0.10 | pJ/Compute =  136.871 | L5[WIO] M4 C2 - L4[IO] M8 C128 M4X - L3[] Q1 - L2[I] Q1 - L1[W] C2 - L0[O] M4 
[  3] Utilization = 0.10 | pJ/Compute =  138.491 | L5[WIO] M2 C16 - L4[IO] M32 C16 M2X - L3[] Q1 C2Y - L2[I] Q1 - L1[W] Q1 - L0[O] M4 
[  5] Utilization = 0.19 | pJ/Compute =  136.356 | L5[WIO] M2 C2 - L4[IO] M16 C128 M4X - L3[] Q1 M2Y - L2[I] Q1 - L1[W] C2 - L0[O] M2 
[  7] Utilization = 0.10 | pJ/Compute =  141.317 | L5[WIO] M16 C16 - L4[IO] M2 C2 M2X - L3[] Q1 C2Y - L2[I] Q1 - L1[W] C8 - L0[O] M8 
[  6] Utilization = 0.10 | pJ/Compute =  137.372 | L5[WIO] M2 C32 - L4[IO] M32 M2X - L3[] Q1 C2Y - L2[I] Q1 - L1[W] C8 - L0[O] M4 
[  6] Utilization = 0.19 | pJ/Compute =  136.871 | L5[WIO] M4 C2 - L4[IO] M8 C128 M4X - L3[] Q1 C2Y - L2[I] Q1 - L1[W] Q1 - L0[O] M4 
[  2] Utilization = 0.19 | pJ/Compute =  140.845 | L5[WIO] M4 C64 - L4[IO] M4 C4 M4X - L3[] Q1 C2Y - L2[I] Q1 - L1[W] Q1 - L0[O] M8 
[  7] Utilization = 0.19 | pJ/Compute =  137.046 | L5[WIO] M8 C128 - L4[IO] C2 M8X - L3[] Q1 - L2[I] Q1 - L1[W] C2 - L0[O] M8 
[  4] Utilization = 0.19 | pJ/Compute =  137.046 | L5[WIO] M8 C128 - L4[IO] Q1 M8X - L3[] Q1 - L2[I] Q1 - L1[W] C4 - L0[O] M8 
[  5] Utilization = 0.38 | pJ/Compute =  137.046 | L5[WIO] M8 C128 - L4[IO] Q1 M8X - L3[] Q1 C2Y - L2[I] Q1 - L1[W] C2 - L0[O] M8 
[  1] Utilization = 0.19 | pJ/Compute =  135.431 | L5[WIO] C2 - L4[IO] M16 C256 M4X - L3[] Q1 M2Y - L2[I] Q1 - L1[W] Q1 - L0[O] M4 
[  3] Utilization = 0.19 | pJ/Compute =  139.659 | L5[WIO] M16 C16 - L4[IO] C4 M4X - L3[] Q1 M2Y - L2[I] Q1 - L1[W] C8 - L0[O] M4 
[  2] Utilization = 0.19 | pJ/Compute =  138.018 | L5[WIO] M8 C2 - L4[IO] M4 C64 M4X - L3[] Q1 C2Y - L2[I] Q1 - L1[W] C2 - L0[O] M4 
[  6] Utilization = 0.19 | pJ/Compute =  136.410 | L5[WIO] M4 C4 - L4[IO] M4 C32 M4X - L3[] Q1 C2Y - L2[I] Q1 - L1[W] C2 - L0[O] M8 
[  2] Utilization = 0.38 | pJ/Compute =  135.739 | L5[WIO] M4 C2 - L4[IO] C128 M8X - L3[] Q1 C2Y - L2[I] Q1 - L1[W] Q1 - L0[O] M16 
[  3] Utilization = 0.38 | pJ/Compute =  135.093 | L5[WIO] M2 C16 - L4[IO] C8 M8X - L3[] Q1 M2Y - L2[I] Q1 - L1[W] C4 - L0[O] M16 
[  6] Utilization = 0.38 | pJ/Compute =  154.586 | L5[WIO] M4 C256 - L4[IO] M2 M8X - L3[] Q1 C2Y - L2[I] Q1 - L1[W] Q1 - L0[O] M8 
[  0] Utilization = 0.38 | pJ/Compute =  135.866 | L5[WIO] M2 C4 - L4[IO] M8 C64 M8X - L3[] Q1 C2Y - L2[I] Q1 - L1[W] Q1 - L0[O] M4 
[  6] Utilization = 0.38 | pJ/Compute =  135.093 | L5[WIO] M2 C16 - L4[IO] C16 M8X - L3[] Q1 M2Y - L2[I] Q1 - L1[W] C2 - L0[O] M16 
[  7] Utilization = 0.19 | pJ/Compute =  135.865 | L5[WIO] M2 C4 - L4[IO] M8 C64 M8X - L3[] Q1 - L2[I] Q1 - L1[W] C2 - L0[O] M4 
[  4] Utilization = 0.38 | pJ/Compute =  135.417 | L5[WIO] M2 - L4[IO] M8 C256 M8X - L3[] Q1 M2Y - L2[I] Q1 - L1[W] C2 - L0[O] M2 
[  0] Utilization = 0.38 | pJ/Compute =  134.894 | L5[WIO] M4 - L4[IO] C256 M8X - L3[] Q1 M2Y - L2[I] Q1 - L1[W] C2 - L0[O] M8 
[  7] Utilization = 0.38 | pJ/Compute =  140.939 | L5[WIO] M2 C64 - L4[IO] M16 C2 M8X - L3[] Q1 C2Y - L2[I] Q1 - L1[W] C2 - L0[O] M2 
[  1] Utilization = 0.38 | pJ/Compute =  145.003 | L5[WIO] M32 C4 - L4[IO] C16 M8X - L3[] Q1 M2Y - L2[I] Q1 - L1[W] C8 - L0[O] Q1 
[  1] Utilization = 0.38 | pJ/Compute =  135.490 | L5[WIO] C2 - L4[IO] M16 C64 M8X - L3[] Q1 M2Y - L2[I] Q1 - L1[W] C4 - L0[O] M2 
[  2] Utilization = 0.38 | pJ/Compute =  135.260 | L5[WIO] C4 - L4[IO] M8 C32 M8X - L3[] Q1 C2Y - L2[I] Q1 - L1[W] C2 - L0[O] M8 
[  7] Utilization = 0.38 | pJ/Compute =  136.147 | L5[WIO] C16 - L4[IO] M8 C2 M8X - L3[] Q1 C2Y - L2[I] Q1 - L1[W] C8 - L0[O] M8 
[  7] Utilization = 0.38 | pJ/Compute =  135.388 | L5[WIO] M2 C4 - L4[IO] M2 C8 M8X - L3[] Q1 C2Y - L2[I] Q1 - L1[W] C8 - L0[O] M16 
[  5] Utilization = 0.38 | pJ/Compute =  136.149 | L5[WIO] M4 C4 - L4[IO] M2 C32 M8X - L3[] Q1 M2Y - L2[I] Q1 - L1[W] C4 - L0[O] M4 
[  7] Utilization = 0.38 | pJ/Compute =  134.879 | L5[WIO] M4 - L4[IO] C128 M8X - L3[] Q1 C2Y - L2[I] Q1 - L1[W] C2 - L0[O] M16 
[  5] Utilization = 0.38 | pJ/Compute =  135.254 | L5[WIO] M2 C2 - L4[IO] M2 C64 M8X - L3[] Q1 M2Y - L2[I] Q1 - L1[W] C4 - L0[O] M8 
[  5] Utilization = 0.38 | pJ/Compute =  135.093 | L5[WIO] M2 C128 - L4[IO] C4 M8X - L3[] Q1 M2Y - L2[I] Q1 - L1[W] Q1 - L0[O] M16 
[  1] Utilization = 0.38 | pJ/Compute =  135.039 | L5[WIO] M2 - L4[IO] M4 C256 M8X - L3[] Q1 C2Y - L2[I] Q1 - L1[W] Q1 - L0[O] M8 
[  4] Utilization = 0.38 | pJ/Compute =  134.894 | L5[WIO] M4 - L4[IO] C64 M8X - L3[] Q1 M2Y - L2[I] Q1 - L1[W] C8 - L0[O] M8 
[  2] Utilization = 0.38 | pJ/Compute =  135.068 | L5[WIO] M2 - L4[IO] M4 C512 M8X - L3[] Q1 M2Y - L2[I] Q1 - L1[W] Q1 - L0[O] M4 
[  1] Utilization = 0.38 | pJ/Compute =  134.880 | L5[WIO] C2 - L4[IO] M2 C32 M8X - L3[] Q1 M2Y - L2[I] Q1 - L1[W] C8 - L0[O] M16 
[  6] Utilization = 0.38 | pJ/Compute =  134.894 | L5[WIO] M2 - L4[IO] M2 C512 M8X - L3[] Q1 M2Y - L2[I] Q1 - L1[W] Q1 - L0[O] M8 
[  2] Utilization = 0.38 | pJ/Compute =  134.807 | L5[WIO] M2 - L4[IO] C128 M8X - L3[] Q1 M2Y - L2[I] Q1 - L1[W] C4 - L0[O] M16 
[  5] Utilization = 0.38 | pJ/Compute =  134.879 | L5[WIO] M2 - L4[IO] M2 C256 M8X - L3[] Q1 C2Y - L2[I] Q1 - L1[W] Q1 - L0[O] M16 
[  3] Utilization = 0.38 | pJ/Compute =  134.879 | L5[WIO] M2 - L4[IO] M2 C32 M8X - L3[] Q1 C2Y - L2[I] Q1 - L1[W] C8 - L0[O] M16 
[  1] STATEMENT: 3000 suboptimal mappings found since the last upgrade, terminating search.
[  7] STATEMENT: 3000 suboptimal mappings found since the last upgrade, terminating search.
[  0] STATEMENT: 3000 suboptimal mappings found since the last upgrade, terminating search.
[  4] STATEMENT: 3000 suboptimal mappings found since the last upgrade, terminating search.
[  6] STATEMENT: 3000 suboptimal mappings found since the last upgrade, terminating search.
[  2] STATEMENT: 3000 suboptimal mappings found since the last upgrade, terminating search.
[  5] STATEMENT: 3000 suboptimal mappings found since the last upgrade, terminating search.
[  3] STATEMENT: 3000 suboptimal mappings found since the last upgrade, terminating search.
