    _                _                      
   / \   ___ ___ ___| | ___ _ __ __ _ _   _ 
  / _ \ / __/ __/ _ \ |/ _ \ '__/ _` | | | |
 / ___ \ (_| (_|  __/ |  __/ | | (_| | |_| |
/_/   \_\___\___\___|_|\___|_|  \__, |\__, |
                                |___/ |___/ 

Info: generating outputs according to the following specified output flags... 
 Please use the -f flag to update the preference (default to all output files) 
{'ERT': 1, 'ERT_summary': 1, 'ART': 1, 'ART_summary': 1, 'energy_estimation': 1, 'flattened_arch': 1}
Info: config file located: /home/workspace/.config/accelergy/accelergy_config.yaml 
config file content: 
 {'version': 0.3, 'compound_components': [], 'estimator_plug_ins': ['/usr/local/share/accelergy/estimation_plug_ins'], 'primitive_components': ['/usr/local/share/accelergy/primitive_component_libs'], 'table_plug_ins': {'roots': ['/usr/local/share/accelergy/estimation_plug_ins/accelergy-table-based-plug-ins/set_of_table_templates']}}
Warn: Cannot recognize the top key "mapper" in file /home/workspace/workspace/final-project/timeloop_results/eyeriss_like_168pe/mapper/mapper.yaml 
Warn: Cannot recognize the top key "architecture_constraints" in file /home/workspace/workspace/final-project/timeloop_results/eyeriss_like_168pe/constraints/eyeriss_like_arch_constraints.yaml 
Warn: Cannot recognize the top key "mapspace_constraints" in file /home/workspace/workspace/final-project/timeloop_results/eyeriss_like_168pe/constraints/eyeriss_like_map_constraints.yaml 
Warn: Cannot recognize the top key "problem" in file /home/workspace/workspace/final-project/layer_shapes/VariableCNNBackbone/16--1-32--1-64-128-fc512-fc2shape_1split_5heads_parallel/layer6.yaml 
Info: Parsing file /home/workspace/workspace/final-project/timeloop_results/eyeriss_like_168pe/arch/eyeriss_like_168pe.yaml for architecture info 
Info: Found non-numeric expression 45nm. Available bindings: {'technology': '45nm'} 
WARN: Failed to evaluate "45nm". Setting system.eyeriss.technology="45nm". Available bindings: {'technology': '45nm'}
Info: Found non-numeric expression LPDDR4. Available bindings: {'type': 'LPDDR4', 'width': 64, 'block-size': 4, 'word-bits': 16} 
WARN: Failed to evaluate "LPDDR4". Setting variables.type="LPDDR4". Available bindings: {'name': 'DRAM', 'class': 'DRAM', 'attributes': {'type': 'LPDDR4', 'width': 64, 'block-size': 4, 'word-bits': 16}}
Info: Parsing file /home/workspace/workspace/final-project/timeloop_results/eyeriss_like_168pe/arch/components/smartbuffer_RF.yaml for compound_components info 
Info: Parsing file /home/workspace/workspace/final-project/timeloop_results/eyeriss_like_168pe/arch/components/smartbuffer_SRAM.yaml for compound_components info 
Info: primitive component file parsed:  /usr/local/share/accelergy/primitive_component_libs/pim_primitive_component.lib.yaml 
Info: primitive component file parsed:  /usr/local/share/accelergy/primitive_component_libs/soc_primitives.lib.yaml 
Info: primitive component file parsed:  /usr/local/share/accelergy/primitive_component_libs/primitive_component.lib.yaml 
Info: Found non-numeric expression 5ns. Available bindings: {'datawidth': 16, 'meshX': 14, 'technology': '45nm', 'num_pipeline_stages': 2, 'latency': '5ns'} 
WARN: Failed to evaluate "5ns". Setting system.eyeriss.PE[0..167].mac.latency="5ns". Available bindings: {'datawidth': 16, 'meshX': 14, 'technology': '45nm', 'num_pipeline_stages': 2, 'latency': '5ns'}
Info: Found non-numeric expression 65nm. Available bindings: {'type': 'LPDDR4', 'width': 64, 'block-size': 4, 'word-bits': 16, 'technology': '65nm'} 
WARN: Failed to evaluate "65nm". Setting system.DRAM.technology="65nm". Available bindings: {'type': 'LPDDR4', 'width': 64, 'block-size': 4, 'word-bits': 16, 'technology': '65nm'}
Info: Calculated "log(memory_depth)" = 2.4849066497880004 
Info: Calculated "n_banks" = 1 
Info: Calculated "log(memory_depth)" = 5.2574953720277815 
Info: Calculated "log(memory_depth)" = 2.772588722239781 
Info: Calculated "log(memory_depth)" = 9.704060527839234 
Info: Calculated "n_banks" = 32 
Info: estimator plug-in identified by:  /usr/local/share/accelergy/estimation_plug_ins/accelergy-cacti-plug-in/cacti.estimator.yaml 
Info: estimator plug-in identified by:  /usr/local/share/accelergy/estimation_plug_ins/accelergy-table-based-plug-ins/table.estimator.yaml 
table-based-plug-ins Identifies a set of tables named:  test_tables
Info: estimator plug-in identified by:  /usr/local/share/accelergy/estimation_plug_ins/accelergy-aladdin-plug-in/aladdin.estimator.yaml 
Info: estimator plug-in identified by:  /usr/local/share/accelergy/estimation_plug_ins/dummy_tables/dummy.estimator.yaml 
Info: CACTI plug-in... Querying CACTI for request:
 {'class_name': 'SRAM', 'attributes': OrderedDict([('technology', '45nm'), ('width', 64), ('depth', 16384), ('n_rdwr_ports', 2), ('n_banks', 32), ('n_rd_ports', 0), ('n_wr_ports', 0), ('latency', '5ns')]), 'action_name': 'write', 'arguments': {'data_delta': 0, 'address_delta': 0}}
copy  /usr/local/share/accelergy/estimation_plug_ins/accelergy-cacti-plug-in/default_SRAM.cfg  to  /usr/local/share/accelergy/estimation_plug_ins/accelergy-cacti-plug-in/cacti/timeloop-mapper.05_08_13_12_58_SRAM.cfg
Traceback (most recent call last):
  File "/usr/local/bin/accelergy", line 8, in <module>
    sys.exit(main())
  File "/usr/local/lib/python3.8/dist-packages/accelergy/accelergy_console.py", line 164, in main
    run()
  File "/usr/local/lib/python3.8/dist-packages/accelergy/accelergy_console.py", line 133, in run
    ert_gen = EnergyReferenceTableGenerator({'parser_version': accelergy_version,
  File "/usr/local/lib/python3.8/dist-packages/accelergy/ERT_generator.py", line 58, in __init__
    self.generat_cc_ERT(cc)
  File "/usr/local/lib/python3.8/dist-packages/accelergy/ERT_generator.py", line 113, in generat_cc_ERT
    estimated_energy, estimator_name = self.eval_primitive_action_energy(estimation_plug_in_interface)
  File "/usr/local/lib/python3.8/dist-packages/accelergy/ERT_generator.py", line 154, in eval_primitive_action_energy
    energy = round(best_estimator.estimate_energy(estimator_plug_in_interface), self.precision)
  File "/usr/local/share/accelergy/estimation_plug_ins/accelergy-cacti-plug-in/cacti_wrapper.py", line 68, in estimate_energy
    energy = getattr(self, query_function_name)(interface)
  File "/usr/local/share/accelergy/estimation_plug_ins/accelergy-cacti-plug-in/cacti_wrapper.py", line 272, in SRAM_estimate_energy
    self.SRAM_populate_data(interface)
  File "/usr/local/share/accelergy/estimation_plug_ins/accelergy-cacti-plug-in/cacti_wrapper.py", line 206, in SRAM_populate_data
    self.cacti_wrapper_for_SRAM(cacti_exec_dir, tech_node, size_in_bytes, wordsize_in_bytes, n_rw_ports,
  File "/usr/local/share/accelergy/estimation_plug_ins/accelergy-cacti-plug-in/cacti_wrapper.py", line 354, in cacti_wrapper_for_SRAM
    subprocess.call(exec_list, stdout=temp_output)
  File "/usr/lib/python3.8/subprocess.py", line 342, in call
    return p.wait(timeout=timeout)
  File "/usr/lib/python3.8/subprocess.py", line 1083, in wait
    return self._wait(timeout=timeout)
  File "/usr/lib/python3.8/subprocess.py", line 1806, in _wait
    (pid, sts) = self._try_wait(0)
  File "/usr/lib/python3.8/subprocess.py", line 1764, in _try_wait
    (pid, sts) = os.waitpid(self.pid, wait_flags)
KeyboardInterrupt
