[  4] Utilization = 0.10 | pJ/Compute =  144.718 | L5[WIO] H5 M2 C64 - L4[IO] M8 M2X - L3[] H1 M2Y C2Y - L2[I] H1 - L1[W] C2 - L0[O] M8 
[  4] Utilization = 0.10 | pJ/Compute =  140.234 | L5[WIO] H5 C32 - L4[IO] M16 C4 M4X - L3[] H1 C2Y - L2[I] H1 - L1[W] H1 - L0[O] M8 
[  3] Utilization = 0.05 | pJ/Compute =  144.657 | L5[WIO] H5 M2 C64 - L4[IO] M8 M2X - L3[] H1 M2Y - L2[I] H1 - L1[W] C4 - L0[O] M8 
[  1] Utilization = 0.10 | pJ/Compute =  136.382 | L5[WIO] H5 M2 C4 - L4[IO] M8 C16 M2X - L3[] H1 M2Y C2Y - L2[I] H1 - L1[W] C2 - L0[O] M8 
[  6] Utilization = 0.05 | pJ/Compute =  145.189 | L5[WIO] H5 M2 C64 - L4[IO] M8 C2 M2X - L3[] H1 M2Y - L2[I] H1 - L1[W] C2 - L0[O] M8 
[  3] Utilization = 0.10 | pJ/Compute =  135.528 | L5[WIO] M2 C2 - L4[IO] M32 C128 M2X - L3[] H1 M4Y - L2[I] H1 - L1[W] H1 - L0[O] H5 
[  7] Utilization = 0.10 | pJ/Compute =  145.251 | L5[WIO] H5 M2 C64 - L4[IO] M8 C2 M2X - L3[] H1 M2Y C2Y - L2[I] H1 - L1[W] H1 - L0[O] M8 
[  0] Utilization = 0.05 | pJ/Compute =  136.379 | L5[WIO] H5 M2 C4 - L4[IO] M8 C16 M2X - L3[] H1 M2Y - L2[I] H1 - L1[W] C4 - L0[O] M8 
[  2] Utilization = 0.10 | pJ/Compute =  144.187 | L5[WIO] H1 - L4[IO] M8 C64 M2X - L3[] H5 M2Y C2Y - L2[I] H1 - L1[W] C2 - L0[O] M16 
[  5] Utilization = 0.02 | pJ/Compute =  153.581 | L5[WIO] M16 - L4[IO] C128 - L3[] H1 M2Y - L2[I] H5 - L1[W] C2 - L0[O] M16 
[  6] Utilization = 0.06 | pJ/Compute =  136.838 | L5[WIO] M32 C64 - L4[IO] H1 - L3[] H1 H5Y - L2[I] H1 - L1[W] C4 - L0[O] M16 
[  5] Utilization = 0.05 | pJ/Compute =  140.204 | L5[WIO] H5 C32 - L4[IO] M16 C8 M4X - L3[] H1 - L2[I] H1 - L1[W] H1 - L0[O] M8 
[  7] Utilization = 0.10 | pJ/Compute =  135.796 | L5[WIO] H5 M2 C2 - L4[IO] M4 C128 M4X - L3[] H1 M2Y - L2[I] H1 - L1[W] H1 - L0[O] M8 
[  2] Utilization = 0.19 | pJ/Compute =  140.295 | L5[WIO] H5 C32 - L4[IO] M16 C2 M4X - L3[] H1 C4Y - L2[I] H1 - L1[W] H1 - L0[O] M8 
[  5] Utilization = 0.05 | pJ/Compute =  138.149 | L5[WIO] H5 M2 C4 - L4[IO] M32 C16 - L3[] H1 M2Y C2Y - L2[I] H1 - L1[W] C2 - L0[O] M4 
[  4] Utilization = 0.10 | pJ/Compute =  139.658 | L5[WIO] M4 C32 - L4[IO] M16 M2X - L3[] H5 C4Y - L2[I] H1 - L1[W] C2 - L0[O] M4 
[  0] Utilization = 0.10 | pJ/Compute =  144.187 | L5[WIO] C16 - L4[IO] M8 C4 M2X - L3[] H1 M2Y C2Y - L2[I] H5 - L1[W] C2 - L0[O] M16 
[  5] Utilization = 0.10 | pJ/Compute =  143.983 | L5[WIO] M64 C16 - L4[IO] M2 C2 M2X - L3[] H1 M2Y C2Y - L2[I] H1 - L1[W] H5 C4 - L0[O] H1 
[  5] Utilization = 0.19 | pJ/Compute =  172.332 | L5[WIO] M2 C256 - L4[IO] M4 M8X - L3[] H1 M2Y - L2[I] H5 - L1[W] H1 - L0[O] M4 
[  6] Utilization = 0.12 | pJ/Compute =  139.122 | L5[WIO] M32 C4 - L4[IO] M8 C32 M2X - L3[] H1 H5Y - L2[I] H1 - L1[W] C2 - L0[O] H1 
[  1] Utilization = 0.38 | pJ/Compute =  137.101 | L5[WIO] M2 - L4[IO] M4 C16 M8X - L3[] H1 M2Y C2Y - L2[I] H5 - L1[W] C8 - L0[O] M4 
[  0] Utilization = 0.10 | pJ/Compute =  141.131 | L5[WIO] M64 C16 - L4[IO] M2 M2X - L3[] H1 M2Y C2Y - L2[I] H1 - L1[W] H5 C8 - L0[O] H1 
[  0] Utilization = 0.19 | pJ/Compute =  144.204 | L5[WIO] H1 - L4[IO] M16 C64 M4X - L3[] H5 M4Y - L2[I] H1 - L1[W] C4 - L0[O] M2 
[  6] Utilization = 0.38 | pJ/Compute =  144.105 | L5[WIO] C16 - L4[IO] M4 C4 M8X - L3[] H1 M4Y - L2[I] H1 - L1[W] H5 C4 - L0[O] M4 
[  4] Utilization = 0.38 | pJ/Compute =  136.107 | L5[WIO] H5 M4 C32 - L4[IO] C8 M8X - L3[] H1 M4Y - L2[I] H1 - L1[W] H1 - L0[O] M4 
[  3] Utilization = 0.24 | pJ/Compute =  136.296 | L5[WIO] M4 C2 - L4[IO] M32 C128 M4X - L3[] H1 H5Y - L2[I] H1 - L1[W] H1 - L0[O] H1 
[  2] Utilization = 0.38 | pJ/Compute =  139.406 | L5[WIO] C16 - L4[IO] M4 C2 M8X - L3[] H1 M4Y - L2[I] H1 - L1[W] H5 C8 - L0[O] M4 
[  7] Utilization = 0.19 | pJ/Compute =  145.317 | L5[WIO] M128 C4 - L4[IO] C4 M4X - L3[] H5 C4Y - L2[I] H1 - L1[W] C4 - L0[O] H1 
[  5] Utilization = 0.19 | pJ/Compute =  139.684 | L5[WIO] H5 M32 - L4[IO] M4 C32 M4X - L3[] H1 C4Y - L2[I] H1 - L1[W] C2 - L0[O] H1 
[  3] Utilization = 0.38 | pJ/Compute =  140.535 | L5[WIO] M16 C8 - L4[IO] M2 C4 M8X - L3[] H1 M2Y C2Y - L2[I] H5 - L1[W] C4 - L0[O] H1 
[  2] Utilization = 0.38 | pJ/Compute =  136.107 | L5[WIO] H5 M4 C32 - L4[IO] C4 M8X - L3[] H1 M4Y - L2[I] H1 - L1[W] C2 - L0[O] M4 
[  5] Utilization = 0.38 | pJ/Compute =  135.297 | L5[WIO] M8 C8 - L4[IO] C32 M8X - L3[] H1 M4Y - L2[I] H1 - L1[W] H1 - L0[O] H5 M2 
[  6] Utilization = 0.38 | pJ/Compute =  135.297 | L5[WIO] M8 C8 - L4[IO] C16 M8X - L3[] H1 M4Y - L2[I] H1 - L1[W] C2 - L0[O] H5 M2 
[  1] Utilization = 0.38 | pJ/Compute =  135.620 | L5[WIO] M8 C2 - L4[IO] M4 C4 M8X - L3[] H1 C4Y - L2[I] H1 - L1[W] C8 - L0[O] H5 M2 
[  0] Utilization = 0.19 | pJ/Compute =  136.640 | L5[WIO] M8 C2 - L4[IO] H5 M4 C16 M4X - L3[] H1 M2Y C2Y - L2[I] H1 - L1[W] C4 - L0[O] M2 
[  7] Utilization = 0.19 | pJ/Compute =  137.353 | L5[WIO] M2 C16 - L4[IO] M16 C2 M4X - L3[] H1 M4Y - L2[I] H1 - L1[W] C8 - L0[O] H5 
[  2] Utilization = 0.38 | pJ/Compute =  135.297 | L5[WIO] M8 C8 - L4[IO] C8 M8X - L3[] H1 M4Y - L2[I] H1 - L1[W] C4 - L0[O] H5 M2 
[  3] Utilization = 0.48 | pJ/Compute =  136.363 | L5[WIO] M4 C8 - L4[IO] M8 C8 M8X - L3[] H1 H5Y - L2[I] H1 - L1[W] C4 - L0[O] M2 
[  7] Utilization = 0.38 | pJ/Compute =  145.265 | L5[WIO] M16 C8 - L4[IO] M2 C8 M8X - L3[] H1 M2Y C2Y - L2[I] H5 - L1[W] C2 - L0[O] H1 
[  6] Utilization = 0.48 | pJ/Compute =  136.363 | L5[WIO] M4 C8 - L4[IO] M8 C32 M8X - L3[] H1 H5Y - L2[I] H1 - L1[W] H1 - L0[O] M2 
[  7] Utilization = 0.38 | pJ/Compute =  140.139 | L5[WIO] M4 C2 - L4[IO] M16 C16 M8X - L3[] H5 C4Y - L2[I] H1 - L1[W] C2 - L0[O] H1 
[  1] Utilization = 0.38 | pJ/Compute =  134.988 | L5[WIO] H5 M2 - L4[IO] M2 C128 M8X - L3[] H1 M2Y C2Y - L2[I] H1 - L1[W] H1 - L0[O] M8 
[  7] Utilization = 0.48 | pJ/Compute =  136.363 | L5[WIO] M4 C8 - L4[IO] M8 C16 M8X - L3[] H1 H5Y - L2[I] H1 - L1[W] C2 - L0[O] M2 
[  1] Utilization = 0.48 | pJ/Compute =  135.368 | L5[WIO] M2 C2 - L4[IO] M16 C32 M8X - L3[] H1 H5Y - L2[I] H1 - L1[W] C4 - L0[O] M2 
[  0] Utilization = 0.19 | pJ/Compute =  136.161 | L5[WIO] M2 C8 - L4[IO] M16 C8 M8X - L3[] H1 C2Y - L2[I] H1 - L1[W] C2 - L0[O] H5 M2 
[  3] Utilization = 0.48 | pJ/Compute =  135.849 | L5[WIO] M16 C32 - L4[IO] C4 M8X - L3[] H1 H5Y - L2[I] H1 - L1[W] C2 - L0[O] M4 
[  0] Utilization = 0.19 | pJ/Compute =  134.988 | L5[WIO] H5 M2 - L4[IO] M2 C128 M8X - L3[] H1 M2Y - L2[I] H1 - L1[W] C2 - L0[O] M8 
[  0] Utilization = 0.38 | pJ/Compute =  134.973 | L5[WIO] H1 - L4[IO] H5 M4 C8 M8X - L3[] H1 C4Y - L2[I] H1 - L1[W] C8 - L0[O] M16 
[  2] Utilization = 0.48 | pJ/Compute =  136.713 | L5[WIO] M4 C8 - L4[IO] M16 C4 M8X - L3[] H1 H5Y - L2[I] H1 - L1[W] C8 - L0[O] H1 
[  0] Utilization = 0.48 | pJ/Compute =  135.849 | L5[WIO] M16 C32 - L4[IO] C2 M8X - L3[] H1 H5Y - L2[I] H1 - L1[W] C4 - L0[O] M4 
[  5] Utilization = 0.48 | pJ/Compute =  135.849 | L5[WIO] M16 C32 - L4[IO] C8 M8X - L3[] H1 H5Y - L2[I] H1 - L1[W] H1 - L0[O] M4 
[  4] Utilization = 0.48 | pJ/Compute =  135.368 | L5[WIO] M2 C2 - L4[IO] M16 C16 M8X - L3[] H1 H5Y - L2[I] H1 - L1[W] C8 - L0[O] M2 
[  5] Utilization = 0.48 | pJ/Compute =  134.901 | L5[WIO] H1 - L4[IO] M8 C32 M8X - L3[] H1 H5Y - L2[I] H1 - L1[W] C8 - L0[O] M8 
[  6] Utilization = 0.48 | pJ/Compute =  135.513 | L5[WIO] M8 - L4[IO] M8 C32 M8X - L3[] H1 H5Y - L2[I] H1 - L1[W] C8 - L0[O] H1 
[  7] Utilization = 0.48 | pJ/Compute =  135.954 | L5[WIO] C4 - L4[IO] M64 C64 M8X - L3[] H1 H5Y - L2[I] H1 - L1[W] H1 - L0[O] H1 
[  2] Utilization = 0.48 | pJ/Compute =  135.830 | L5[WIO] M8 C4 - L4[IO] M2 C16 M8X - L3[] H1 H5Y - L2[I] H1 - L1[W] C4 - L0[O] M4 
[  6] Utilization = 0.48 | pJ/Compute =  135.163 | L5[WIO] M16 - L4[IO] M2 C32 M8X - L3[] H1 H5Y - L2[I] H1 - L1[W] C8 - L0[O] M2 
[  1] Utilization = 0.48 | pJ/Compute =  135.163 | L5[WIO] M8 - L4[IO] M4 C64 M8X - L3[] H1 H5Y - L2[I] H1 - L1[W] C4 - L0[O] M2 
[  2] Utilization = 0.48 | pJ/Compute =  135.029 | L5[WIO] M4 C8 - L4[IO] C32 M8X - L3[] H1 H5Y - L2[I] H1 - L1[W] H1 - L0[O] M16 
[  3] Utilization = 0.48 | pJ/Compute =  135.029 | L5[WIO] M4 C8 - L4[IO] C16 M8X - L3[] H1 H5Y - L2[I] H1 - L1[W] C2 - L0[O] M16 
[  1] Utilization = 0.48 | pJ/Compute =  134.989 | L5[WIO] H1 - L4[IO] M16 C256 M8X - L3[] H1 H5Y - L2[I] H1 - L1[W] H1 - L0[O] M4 
[  7] Utilization = 0.48 | pJ/Compute =  135.029 | L5[WIO] M4 C8 - L4[IO] C8 M8X - L3[] H1 H5Y - L2[I] H1 - L1[W] C4 - L0[O] M16 
[  4] Utilization = 0.48 | pJ/Compute =  135.135 | L5[WIO] C2 - L4[IO] M16 C64 M8X - L3[] H1 H5Y - L2[I] H1 - L1[W] C2 - L0[O] M4 
[  4] Utilization = 0.48 | pJ/Compute =  134.989 | L5[WIO] H1 - L4[IO] M16 C32 M8X - L3[] H1 H5Y - L2[I] H1 - L1[W] C8 - L0[O] M4 
[  0] Utilization = 0.48 | pJ/Compute =  135.604 | L5[WIO] C4 - L4[IO] M32 C16 M8X - L3[] H1 H5Y - L2[I] H1 - L1[W] C4 - L0[O] M2 
[  5] STATEMENT: 3000 suboptimal mappings found since the last upgrade, terminating search.
[  0] Utilization = 0.48 | pJ/Compute =  135.163 | L5[WIO] M8 - L4[IO] M4 C128 M8X - L3[] H1 H5Y - L2[I] H1 - L1[W] C2 - L0[O] M2 
[  6] STATEMENT: 3000 suboptimal mappings found since the last upgrade, terminating search.
[  1] STATEMENT: 3000 suboptimal mappings found since the last upgrade, terminating search.
[  3] STATEMENT: 3000 suboptimal mappings found since the last upgrade, terminating search.
[  2] STATEMENT: 3000 suboptimal mappings found since the last upgrade, terminating search.
[  7] STATEMENT: 3000 suboptimal mappings found since the last upgrade, terminating search.
[  4] STATEMENT: 3000 suboptimal mappings found since the last upgrade, terminating search.
[  0] STATEMENT: 3000 suboptimal mappings found since the last upgrade, terminating search.
