[  2] Utilization = 0.14 | pJ/Compute =   26.174 | L5[WIO] Q5 - L4[IO] P10 Q2X - L3[] Q1 S3Y - L2[I] Q1 - L1[W] R3 - L0[O] M16 
[  0] Utilization = 0.71 | pJ/Compute =   26.301 | L5[WIO] Q1 - L4[IO] P10 Q10X - L3[] Q1 S3Y - L2[I] Q1 - L1[W] R3 - L0[O] M16 
[  1] Utilization = 0.36 | pJ/Compute =   34.865 | L5[WIO] Q2 M4 - L4[IO] M4 P10 Q5X - L3[] Q1 S3Y - L2[I] Q1 - L1[W] R3 - L0[O] Q1 
[  7] Utilization = 0.29 | pJ/Compute =   41.501 | L5[WIO] Q10 M4 - L4[IO] P10 M4X - L3[] Q1 S3Y - L2[I] Q1 - L1[W] R3 - L0[O] Q1 
[  3] Utilization = 0.71 | pJ/Compute =   33.340 | L5[WIO] M16 - L4[IO] P10 Q10X - L3[] Q1 S3Y - L2[I] Q1 - L1[W] R3 - L0[O] Q1 
[  2] Utilization = 0.71 | pJ/Compute =   26.227 | L5[WIO] Q2 - L4[IO] P10 M2X Q5X - L3[] Q1 S3Y - L2[I] Q1 - L1[W] R3 - L0[O] M8 
[  4] Utilization = 0.71 | pJ/Compute =   26.770 | L5[WIO] M2 - L4[IO] P10 Q10X - L3[] Q1 S3Y - L2[I] Q1 - L1[W] R3 - L0[O] M8 
[  6] Utilization = 0.14 | pJ/Compute =   39.439 | L5[WIO] Q5 M2 - L4[IO] M8 P10 Q2X - L3[] Q1 S3Y - L2[I] Q1 - L1[W] R3 - L0[O] Q1 
[  5] Utilization = 0.14 | pJ/Compute =   41.454 | L5[WIO] Q10 M4 - L4[IO] P10 M2X - L3[] Q1 S3Y - L2[I] Q1 - L1[W] R3 - L0[O] M2 
[  7] Utilization = 0.71 | pJ/Compute =   33.340 | L5[WIO] Q1 - L4[IO] M16 P10 Q10X - L3[] Q1 S3Y - L2[I] Q1 - L1[W] R3 - L0[O] Q1 
[  1] Utilization = 0.57 | pJ/Compute =   40.575 | L5[WIO] Q10 M2 - L4[IO] P10 M8X - L3[] Q1 S3Y - L2[I] Q1 - L1[W] R3 - L0[O] Q1 
[  6] Utilization = 0.29 | pJ/Compute =   34.753 | L5[WIO] Q5 - L4[IO] M8 P10 M2X Q2X - L3[] Q1 S3Y - L2[I] Q1 - L1[W] R3 - L0[O] Q1 
[  5] Utilization = 0.71 | pJ/Compute =   29.257 | L5[WIO] Q2 M2 - L4[IO] M2 P10 M2X Q5X - L3[] Q1 S3Y - L2[I] Q1 - L1[W] R3 - L0[O] M2 
[  3] Utilization = 0.71 | pJ/Compute =   31.158 | L5[WIO] Q2 M2 - L4[IO] M4 P10 M2X Q5X - L3[] Q1 S3Y - L2[I] Q1 - L1[W] R3 - L0[O] Q1 
[  6] Utilization = 0.71 | pJ/Compute =   31.158 | L5[WIO] Q2 M8 - L4[IO] P10 M2X Q5X - L3[] Q1 S3Y - L2[I] Q1 - L1[W] R3 - L0[O] Q1 
[  3] Utilization = 0.71 | pJ/Compute =   29.257 | L5[WIO] Q2 M4 - L4[IO] P10 M2X Q5X - L3[] Q1 S3Y - L2[I] Q1 - L1[W] R3 - L0[O] M2 
[  5] Utilization = 0.71 | pJ/Compute =   27.708 | L5[WIO] Q1 - L4[IO] M4 P10 Q10X - L3[] Q1 S3Y - L2[I] Q1 - L1[W] R3 - L0[O] M4 
[  6] Utilization = 0.71 | pJ/Compute =   27.708 | L5[WIO] M2 - L4[IO] M2 P10 Q10X - L3[] Q1 S3Y - L2[I] Q1 - L1[W] R3 - L0[O] M4 
[  2] STATEMENT: 3000 suboptimal mappings found since the last upgrade, terminating search.
[  0] STATEMENT: 3000 suboptimal mappings found since the last upgrade, terminating search.
[  4] STATEMENT: 3000 suboptimal mappings found since the last upgrade, terminating search.
[  6] STATEMENT: 3000 suboptimal mappings found since the last upgrade, terminating search.
[  5] STATEMENT: 3000 suboptimal mappings found since the last upgrade, terminating search.
[  3] STATEMENT: 3000 suboptimal mappings found since the last upgrade, terminating search.
[  1] STATEMENT: 3000 suboptimal mappings found since the last upgrade, terminating search.
[  7] STATEMENT: 3000 suboptimal mappings found since the last upgrade, terminating search.
