[  7] Utilization = 0.14 | pJ/Compute =  136.780 | L5[WIO] Q2 M2 - L4[IO] M2 P2 C32 M8X - L3[] H1 M2Y C2Y S3Y - L2[I] H1 - L1[W] H5 R3 - L0[O] M2 
[  5] Utilization = 0.57 | pJ/Compute =  134.765 | L5[WIO] Q2 M2 - L4[IO] M2 P2 C2 M8X - L3[] H1 M2Y C8Y S3Y - L2[I] H1 - L1[W] H5 R3 C4 - L0[O] M2 
[  2] Utilization = 0.04 | pJ/Compute =   72.929 | L5[WIO] M2 C8 - L4[IO] M4 P2 C4 Q2X - L3[] H5 M2Y C2Y S3Y - L2[I] H1 - L1[W] R3 - L0[O] M8 
[  0] Utilization = 0.04 | pJ/Compute =  137.122 | L5[WIO] Q2 C32 - L4[IO] M16 P2 C2 - L3[] H1 H5Y M2Y S3Y - L2[I] H1 - L1[W] R3 - L0[O] M4 
[  1] Utilization = 0.02 | pJ/Compute =   72.888 | L5[WIO] M2 C8 - L4[IO] M4 P2 C4 Q2X - L3[] H5 M2Y S3Y - L2[I] H1 - L1[W] R3 C2 - L0[O] M8 
[  6] Utilization = 0.07 | pJ/Compute =  136.739 | L5[WIO] Q2 M2 - L4[IO] M2 P2 C32 M8X - L3[] H1 M2Y S3Y - L2[I] H1 - L1[W] H5 R3 C2 - L0[O] M2 
[  1] Utilization = 0.19 | pJ/Compute =   72.934 | L5[WIO] H5 M16 - L4[IO] P2 C2 M2X Q2X - L3[] H1 M2Y C8Y S3Y - L2[I] H1 - L1[W] R3 C4 - L0[O] M2 
[  3] Utilization = 0.02 | pJ/Compute =   75.005 | L5[WIO] M2 C8 - L4[IO] M4 P2 C8 Q2X - L3[] H5 M2Y S3Y - L2[I] H1 - L1[W] R3 - L0[O] M8 
[  3] Utilization = 0.07 | pJ/Compute =   72.934 | L5[WIO] H5 M16 - L4[IO] P2 C32 M2X Q2X - L3[] H1 M2Y C2Y S3Y - L2[I] H1 - L1[W] R3 - L0[O] M2 
[  4] Utilization = 0.04 | pJ/Compute =  135.835 | L5[WIO] Q2 C2 - L4[IO] H5 M8 P2 C8 - L3[] H1 M4Y C2Y S3Y - L2[I] H1 - L1[W] R3 C2 - L0[O] M4 
[  2] Utilization = 0.14 | pJ/Compute =   71.226 | L5[WIO] C2 - L4[IO] M8 P2 C4 M2X Q2X - L3[] H5 M4Y C2Y S3Y - L2[I] H1 - L1[W] R3 C4 - L0[O] M2 
[  6] Utilization = 0.14 | pJ/Compute =   72.934 | L5[WIO] H5 M16 - L4[IO] P2 C4 M2X Q2X - L3[] H1 M2Y C4Y S3Y - L2[I] H1 - L1[W] R3 C4 - L0[O] M2 
[  0] Utilization = 0.07 | pJ/Compute =   71.889 | L5[WIO] M2 C8 - L4[IO] M4 P2 C2 Q2X - L3[] H5 M2Y C4Y S3Y - L2[I] H1 - L1[W] R3 - L0[O] M8 
[  4] Utilization = 0.04 | pJ/Compute =   71.715 | L5[WIO] M2 C16 - L4[IO] M2 P2 M2X Q2X - L3[] H5 M2Y S3Y - L2[I] H1 - L1[W] R3 C4 - L0[O] M8 
[  7] Utilization = 0.14 | pJ/Compute =   70.946 | L5[WIO] M2 C2 - L4[IO] M4 P2 C8 M4X Q2X - L3[] H1 M4Y S3Y - L2[I] H1 - L1[W] R3 C4 - L0[O] H5 
[  3] Utilization = 0.29 | pJ/Compute =   71.245 | L5[WIO] C2 - L4[IO] M8 P2 C4 M2X Q2X - L3[] H5 M4Y C4Y S3Y - L2[I] H1 - L1[W] R3 C2 - L0[O] M2 
[  6] Utilization = 0.14 | pJ/Compute =   72.845 | L5[WIO] C2 - L4[IO] M8 P2 C16 M2X Q2X - L3[] H5 M4Y C2Y S3Y - L2[I] H1 - L1[W] R3 - L0[O] M2 
[  0] Utilization = 0.14 | pJ/Compute =   70.946 | L5[WIO] M2 C2 - L4[IO] M4 P2 C32 M4X Q2X - L3[] H1 M4Y S3Y - L2[I] H1 - L1[W] R3 - L0[O] H5 
[  7] Utilization = 0.29 | pJ/Compute =   70.754 | L5[WIO] M8 - L4[IO] P2 C16 M2X Q2X - L3[] H1 M4Y C4Y S3Y - L2[I] H1 - L1[W] R3 - L0[O] H5 M2 
[  2] Utilization = 0.29 | pJ/Compute =   70.947 | L5[WIO] M2 C2 - L4[IO] M4 P2 C4 M4X Q2X - L3[] H1 M4Y C2Y S3Y - L2[I] H1 - L1[W] R3 C4 - L0[O] H5 
[  2] Utilization = 0.29 | pJ/Compute =   70.754 | L5[WIO] M8 - L4[IO] P2 C4 M2X Q2X - L3[] H1 M4Y C4Y S3Y - L2[I] H1 - L1[W] R3 C4 - L0[O] H5 M2 
[  4] Utilization = 0.14 | pJ/Compute =   77.120 | L5[WIO] H5 M8 C4 - L4[IO] M2 P2 C2 Q2X - L3[] H1 M4Y C4Y S3Y - L2[I] H1 - L1[W] R3 C2 - L0[O] M2 
[  6] Utilization = 0.29 | pJ/Compute =   70.947 | L5[WIO] M2 C2 - L4[IO] M4 P2 C16 M4X Q2X - L3[] H1 M4Y C2Y S3Y - L2[I] H1 - L1[W] R3 - L0[O] H5 
[  3] Utilization = 0.57 | pJ/Compute =   70.950 | L5[WIO] M2 C2 - L4[IO] M4 P2 C4 M4X Q2X - L3[] H1 M4Y C4Y S3Y - L2[I] H1 - L1[W] R3 C2 - L0[O] H5 
[  0] Utilization = 0.29 | pJ/Compute =  135.800 | L5[WIO] Q2 M2 C16 - L4[IO] P2 M4X - L3[] H5 M16Y S3Y - L2[I] H1 - L1[W] R3 C4 - L0[O] H1 
[  0] Utilization = 0.29 | pJ/Compute =   70.803 | L5[WIO] H5 - L4[IO] M2 P2 C4 M4X Q2X - L3[] H1 C8Y S3Y - L2[I] H1 - L1[W] R3 C2 - L0[O] M16 
[  0] Utilization = 0.57 | pJ/Compute =   71.543 | L5[WIO] C16 - L4[IO] P2 M4X Q2X - L3[] H5 M16Y S3Y - L2[I] H1 - L1[W] R3 C4 - L0[O] M2 
[  1] Utilization = 0.36 | pJ/Compute =  134.637 | L5[WIO] Q2 M2 - L4[IO] P2 C8 M8X - L3[] H1 H5Y C2Y S3Y - L2[I] H1 - L1[W] R3 C4 - L0[O] M8 
[  4] Utilization = 0.18 | pJ/Compute =   74.135 | L5[WIO] Q2 M2 C64 - L4[IO] P2 M8X - L3[] H1 H5Y S3Y - L2[I] H1 - L1[W] R3 - L0[O] M8 
[  5] Utilization = 0.57 | pJ/Compute =   71.623 | L5[WIO] M8 C2 - L4[IO] M2 P2 M4X Q2X - L3[] H1 C16Y S3Y - L2[I] H5 - L1[W] R3 C2 - L0[O] M2 
[  4] Utilization = 0.35 | pJ/Compute =   72.104 | L5[WIO] C4 - L4[IO] H5 M8 P2 C2 M4X Q2X - L3[] H1 M4Y C4Y S3Y - L2[I] H1 - L1[W] R3 C2 - L0[O] H1 
[  1] Utilization = 0.57 | pJ/Compute =   71.383 | L5[WIO] M2 C8 - L4[IO] M4 P2 M4X Q2X - L3[] H5 M2Y C8Y S3Y - L2[I] H1 - L1[W] R3 - L0[O] M2 
[  7] Utilization = 0.40 | pJ/Compute =  136.899 | L5[WIO] Q2 M2 C4 - L4[IO] P2 C8 M8X - L3[] H5 M8Y C2Y S3Y - L2[I] H1 - L1[W] R3 - L0[O] H1 
[  6] Utilization = 0.57 | pJ/Compute =   71.345 | L5[WIO] M2 C2 - L4[IO] M8 P2 C2 M4X Q2X - L3[] H1 C16Y S3Y - L2[I] H1 - L1[W] H5 R3 - L0[O] M2 
[  1] Utilization = 0.57 | pJ/Compute =   38.218 | L5[WIO] M2 C2 - L4[IO] M8 P2 M4X Q2X - L3[] H1 C16Y S3Y - L2[I] H1 - L1[W] H5 R3 C2 - L0[O] M2 
[  2] Utilization = 0.29 | pJ/Compute =   38.208 | L5[WIO] M2 C2 - L4[IO] M8 P2 M4X Q2X - L3[] H1 C8Y S3Y - L2[I] H1 - L1[W] H5 R3 C4 - L0[O] M2 
[  5] Utilization = 0.57 | pJ/Compute =   71.337 | L5[WIO] M2 C4 - L4[IO] M8 P2 M4X Q2X - L3[] H5 M2Y C8Y S3Y - L2[I] H1 - L1[W] R3 C2 - L0[O] H1 
[  6] Utilization = 0.57 | pJ/Compute =   70.477 | L5[WIO] Q2 M4 C2 - L4[IO] M2 P2 M8X - L3[] H1 M2Y C8Y S3Y - L2[I] H1 - L1[W] H5 R3 C4 - L0[O] H1 
[  0] Utilization = 0.57 | pJ/Compute =   71.161 | L5[WIO] M2 C8 - L4[IO] P2 M4X Q2X - L3[] H5 M4Y C4Y S3Y - L2[I] H1 - L1[W] R3 C2 - L0[O] M4 
[  4] Utilization = 0.57 | pJ/Compute =   71.721 | L5[WIO] M2 C8 - L4[IO] P2 C2 M4X Q2X - L3[] H5 M4Y C4Y S3Y - L2[I] H1 - L1[W] R3 - L0[O] M4 
[  2] Utilization = 0.57 | pJ/Compute =   71.052 | L5[WIO] C2 - L4[IO] M2 P2 C4 M4X Q2X - L3[] H1 M8Y C2Y S3Y - L2[I] H1 - L1[W] H5 R3 C4 - L0[O] M2 
[  4] Utilization = 0.57 | pJ/Compute =   71.024 | L5[WIO] C4 - L4[IO] P2 C2 M4X Q2X - L3[] H1 M4Y C4Y S3Y - L2[I] H5 - L1[W] R3 C2 - L0[O] M8 
[  5] Utilization = 0.57 | pJ/Compute =   70.743 | L5[WIO] C2 - L4[IO] H5 P2 C2 M4X Q2X - L3[] H1 M4Y C4Y S3Y - L2[I] H1 - L1[W] R3 C4 - L0[O] M8 
[  3] Utilization = 0.57 | pJ/Compute =   70.878 | L5[WIO] M4 - L4[IO] P2 C4 M4X Q2X - L3[] H5 C16Y S3Y - L2[I] H1 - L1[W] R3 - L0[O] M8 
[  7] Utilization = 0.57 | pJ/Compute =   71.440 | L5[WIO] M4 C8 - L4[IO] P2 M4X Q2X - L3[] H5 M8Y C2Y S3Y - L2[I] H1 - L1[W] R3 C4 - L0[O] H1 
[  0] Utilization = 0.57 | pJ/Compute =   38.613 | L5[WIO] C4 - L4[IO] M32 P2 M4X Q2X - L3[] H1 C16Y S3Y - L2[I] H1 - L1[W] R3 - L0[O] H5 
[  0] Utilization = 0.57 | pJ/Compute =   38.228 | L5[WIO] M2 C4 - L4[IO] M4 P2 M4X Q2X - L3[] H1 C16Y S3Y - L2[I] H1 - L1[W] H5 R3 - L0[O] M4 
[  2] Utilization = 0.57 | pJ/Compute =   70.171 | L5[WIO] Q2 M2 C2 - L4[IO] M4 P2 M8X - L3[] H1 M2Y C8Y S3Y - L2[I] H1 - L1[W] R3 C4 - L0[O] H5 
[  2] Utilization = 0.57 | pJ/Compute =   39.249 | L5[WIO] M4 C16 - L4[IO] M2 P2 M4X Q2X - L3[] H1 M4Y C4Y S3Y - L2[I] H1 - L1[W] H5 R3 - L0[O] H1 
[  3] Utilization = 0.57 | pJ/Compute =   70.604 | L5[WIO] M2 - L4[IO] P2 C64 M4X Q2X - L3[] H1 M16Y S3Y - L2[I] H1 - L1[W] R3 - L0[O] H5 
[  7] Utilization = 0.57 | pJ/Compute =   38.204 | L5[WIO] M2 C4 - L4[IO] M4 P2 M4X Q2X - L3[] H1 M4Y C4Y S3Y - L2[I] H1 - L1[W] H5 R3 C4 - L0[O] H1 
[  5] Utilization = 0.57 | pJ/Compute =   38.663 | L5[WIO] M4 C4 - L4[IO] H5 P2 M4X Q2X - L3[] H1 M2Y C8Y S3Y - L2[I] H1 - L1[W] R3 C2 - L0[O] M4 
[  3] Utilization = 0.57 | pJ/Compute =   70.103 | L5[WIO] Q2 C4 - L4[IO] H5 P2 M8X - L3[] H1 M4Y C4Y S3Y - L2[I] H1 - L1[W] R3 C4 - L0[O] M4 
[  6] Utilization = 0.57 | pJ/Compute =   38.054 | L5[WIO] M2 C2 - L4[IO] M4 P2 M4X Q2X - L3[] H1 M2Y C8Y S3Y - L2[I] H1 - L1[W] H5 R3 C4 - L0[O] M2 
[  5] Utilization = 0.57 | pJ/Compute =   38.374 | L5[WIO] M2 C4 - L4[IO] M8 P2 M4X Q2X - L3[] H1 M2Y C8Y S3Y - L2[I] H1 - L1[W] H5 R3 C2 - L0[O] H1 
[  3] Utilization = 0.57 | pJ/Compute =   38.789 | L5[WIO] H5 C4 - L4[IO] M4 P2 M4X Q2X - L3[] H1 M4Y C4Y S3Y - L2[I] H1 - L1[W] R3 C4 - L0[O] M2 
[  1] Utilization = 0.57 | pJ/Compute =   38.031 | L5[WIO] H1 - L4[IO] M16 P2 M4X Q2X - L3[] H1 C16Y S3Y - L2[I] H1 - L1[W] R3 C4 - L0[O] H5 M2 
[  3] Utilization = 0.57 | pJ/Compute =   38.722 | L5[WIO] H5 C8 - L4[IO] P2 M4X Q2X - L3[] H1 M8Y C2Y S3Y - L2[I] H1 - L1[W] R3 C4 - L0[O] M4 
[  5] Utilization = 0.57 | pJ/Compute =   37.995 | L5[WIO] C2 - L4[IO] H5 M2 P2 M4X Q2X - L3[] H1 C16Y S3Y - L2[I] H1 - L1[W] R3 C2 - L0[O] M16 
[  3] Utilization = 0.57 | pJ/Compute =   38.334 | L5[WIO] M2 C8 - L4[IO] P2 M4X Q2X - L3[] H1 M8Y C2Y S3Y - L2[I] H1 - L1[W] R3 C4 - L0[O] H5 M2 
[  4] Utilization = 0.57 | pJ/Compute =   70.455 | L5[WIO] Q2 M2 C8 - L4[IO] P2 M8X - L3[] H1 M4Y C4Y S3Y - L2[I] H1 - L1[W] H5 R3 C2 - L0[O] M2 
[  6] Utilization = 0.57 | pJ/Compute =   37.952 | L5[WIO] C2 - L4[IO] M8 P2 M4X Q2X - L3[] H1 M2Y C8Y S3Y - L2[I] H1 - L1[W] H5 R3 C4 - L0[O] M2 
[  2] Utilization = 0.57 | pJ/Compute =   38.850 | L5[WIO] C16 - L4[IO] M4 P2 M4X Q2X - L3[] H1 M4Y C4Y S3Y - L2[I] H1 - L1[W] R3 - L0[O] H5 M2 
[  4] Utilization = 0.57 | pJ/Compute =   38.595 | L5[WIO] M4 C8 - L4[IO] P2 M4X Q2X - L3[] H1 M4Y C4Y S3Y - L2[I] H1 - L1[W] R3 C2 - L0[O] H5 M2 
[  2] Utilization = 0.57 | pJ/Compute =   37.994 | L5[WIO] C2 - L4[IO] H5 M2 P2 M4X Q2X - L3[] H1 M2Y C8Y S3Y - L2[I] H1 - L1[W] R3 C4 - L0[O] M8 
[  4] Utilization = 0.57 | pJ/Compute =   38.431 | L5[WIO] M4 C4 - L4[IO] M2 P2 M4X Q2X - L3[] H1 C16Y S3Y - L2[I] H1 - L1[W] H5 R3 - L0[O] M4 
[  7] STATEMENT: 3000 suboptimal mappings found since the last upgrade, terminating search.
[  3] Utilization = 0.57 | pJ/Compute =   38.233 | L5[WIO] C8 - L4[IO] M2 P2 M4X Q2X - L3[] H1 M8Y C2Y S3Y - L2[I] H1 - L1[W] H5 R3 C4 - L0[O] M2 
[  0] STATEMENT: 3000 suboptimal mappings found since the last upgrade, terminating search.
[  4] Utilization = 0.57 | pJ/Compute =   38.268 | L5[WIO] M2 C4 - L4[IO] H5 P2 M4X Q2X - L3[] H1 C16Y S3Y - L2[I] H1 - L1[W] R3 - L0[O] M16 
[  1] STATEMENT: 3000 suboptimal mappings found since the last upgrade, terminating search.
[  5] STATEMENT: 3000 suboptimal mappings found since the last upgrade, terminating search.
[  6] STATEMENT: 3000 suboptimal mappings found since the last upgrade, terminating search.
[  2] STATEMENT: 3000 suboptimal mappings found since the last upgrade, terminating search.
[  3] STATEMENT: 3000 suboptimal mappings found since the last upgrade, terminating search.
[  4] STATEMENT: 3000 suboptimal mappings found since the last upgrade, terminating search.
