[  3] Utilization = 0.10 | pJ/Compute =  173.153 | L5[WIO] M4 C32 - L4[IO] M32 C16 M2X - L3[] H5 M2Y - L2[I] H1 - L1[W] H1 - L0[O] H1 
[  2] Utilization = 0.10 | pJ/Compute =  172.068 | L5[WIO] H1 - L4[IO] M8 C512 M2X - L3[] H5 M2Y - L2[I] H1 - L1[W] H1 - L0[O] M16 
[  1] Utilization = 0.10 | pJ/Compute =  154.358 | L5[WIO] M4 C32 - L4[IO] M32 C8 M2X - L3[] H5 M2Y - L2[I] H1 - L1[W] C2 - L0[O] H1 
[  0] Utilization = 0.19 | pJ/Compute =  135.846 | L5[WIO] H5 C8 - L4[IO] M16 C4 M4X - L3[] H1 C2Y - L2[I] H1 - L1[W] C8 - L0[O] M8 
[  5] Utilization = 0.02 | pJ/Compute =  153.712 | L5[WIO] H5 C4 - L4[IO] M512 C128 - L3[] H1 - L2[I] H1 - L1[W] H1 - L0[O] H1 
[  4] Utilization = 0.02 | pJ/Compute =  153.447 | L5[WIO] M16 - L4[IO] M2 C256 - L3[] H1 - L2[I] H1 - L1[W] H5 C2 - L0[O] M16 
[  5] Utilization = 0.05 | pJ/Compute =  153.572 | L5[WIO] M16 - L4[IO] M2 C256 - L3[] H1 C2Y - L2[I] H1 - L1[W] H5 - L0[O] M16 
[  6] Utilization = 0.05 | pJ/Compute =  172.126 | L5[WIO] M16 - L4[IO] C512 - L3[] H1 M2Y - L2[I] H5 - L1[W] H1 - L0[O] M16 
[  4] Utilization = 0.10 | pJ/Compute =  135.842 | L5[WIO] H5 C8 - L4[IO] M16 C8 M4X - L3[] H1 - L2[I] H1 - L1[W] C8 - L0[O] M8 
[  5] Utilization = 0.19 | pJ/Compute =  135.846 | L5[WIO] H5 C8 - L4[IO] M16 C8 M4X - L3[] H1 C2Y - L2[I] H1 - L1[W] C4 - L0[O] M8 
[  7] Utilization = 0.05 | pJ/Compute =  192.677 | L5[WIO] H5 M64 C512 - L4[IO] M2 - L3[] H1 M2Y - L2[I] H1 - L1[W] H1 - L0[O] M2 
[  2] Utilization = 0.10 | pJ/Compute =  145.965 | L5[WIO] M128 C32 - L4[IO] M2 C8 M2X - L3[] H1 C2Y - L2[I] H1 - L1[W] H1 - L0[O] H5 
[  7] Utilization = 0.05 | pJ/Compute =  153.714 | L5[WIO] H5 C4 - L4[IO] M512 C8 - L3[] H1 C2Y - L2[I] H1 - L1[W] C8 - L0[O] H1 
[  4] Utilization = 0.38 | pJ/Compute =  134.839 | L5[WIO] M4 - L4[IO] H5 M2 C64 M8X - L3[] H1 M2Y - L2[I] H1 - L1[W] C8 - L0[O] M4 
[  6] Utilization = 0.10 | pJ/Compute =  144.473 | L5[WIO] M4 C32 - L4[IO] M16 C4 M4X - L3[] H1 - L2[I] H1 - L1[W] H5 C4 - L0[O] M2 
[  3] Utilization = 0.19 | pJ/Compute =  139.806 | L5[WIO] M4 C32 - L4[IO] M16 C2 M4X - L3[] H1 C2Y - L2[I] H1 - L1[W] H5 C4 - L0[O] M2 
[  7] Utilization = 0.10 | pJ/Compute =  143.702 | L5[WIO] M64 C16 - L4[IO] M2 C4 M2X - L3[] H1 M2Y - L2[I] H1 - L1[W] H5 C8 - L0[O] H1 
[  2] Utilization = 0.10 | pJ/Compute =  139.775 | L5[WIO] M4 C32 - L4[IO] M16 C2 M4X - L3[] H1 - L2[I] H1 - L1[W] H5 C8 - L0[O] M2 
[  7] Utilization = 0.19 | pJ/Compute =  144.536 | L5[WIO] M4 C32 - L4[IO] M16 C4 M4X - L3[] H1 C2Y - L2[I] H1 - L1[W] H5 C2 - L0[O] M2 
[  5] Utilization = 0.38 | pJ/Compute =  139.210 | L5[WIO] M2 - L4[IO] M4 C64 M8X - L3[] H5 C2Y - L2[I] H1 - L1[W] C4 - L0[O] M8 
[  2] Utilization = 0.19 | pJ/Compute =  161.594 | L5[WIO] M128 C256 - L4[IO] H1 M4X - L3[] H5 C2Y - L2[I] H1 - L1[W] H1 - L0[O] H1 
[  1] Utilization = 0.19 | pJ/Compute =  145.898 | L5[WIO] M32 C128 - L4[IO] M2 M4X - L3[] H1 C2Y - L2[I] H1 - L1[W] H5 C2 - L0[O] M2 
[  6] Utilization = 0.10 | pJ/Compute =  144.058 | L5[WIO] H1 - L4[IO] M32 C128 M4X - L3[] H5 - L2[I] H1 - L1[W] C4 - L0[O] M4 
[  1] Utilization = 0.19 | pJ/Compute =  144.339 | L5[WIO] M8 C128 - L4[IO] M8 M4X - L3[] H1 C2Y - L2[I] H1 - L1[W] C2 - L0[O] H5 M2 
[  6] Utilization = 0.19 | pJ/Compute =  139.626 | L5[WIO] C32 - L4[IO] M64 C2 M8X - L3[] H1 - L2[I] H5 - L1[W] C8 - L0[O] H1 
[  6] Utilization = 0.38 | pJ/Compute =  135.221 | L5[WIO] M8 C2 - L4[IO] M4 C128 M8X - L3[] H1 C2Y - L2[I] H1 - L1[W] H1 - L0[O] H5 M2 
[  7] Utilization = 0.19 | pJ/Compute =  144.120 | L5[WIO] H1 - L4[IO] M32 C128 M4X - L3[] H5 C2Y - L2[I] H1 - L1[W] C2 - L0[O] M4 
[  2] Utilization = 0.38 | pJ/Compute =  136.789 | L5[WIO] C32 - L4[IO] M64 M8X - L3[] H1 C2Y - L2[I] H5 - L1[W] C8 - L0[O] H1 
[  7] Utilization = 0.19 | pJ/Compute =  135.708 | L5[WIO] H5 M16 - L4[IO] M2 C32 M4X - L3[] H1 C2Y - L2[I] H1 - L1[W] C8 - L0[O] M4 
[  0] Utilization = 0.38 | pJ/Compute =  144.112 | L5[WIO] M4 C16 - L4[IO] M2 C8 M8X - L3[] H5 C2Y - L2[I] H1 - L1[W] C2 - L0[O] M8 
[  3] Utilization = 0.19 | pJ/Compute =  138.091 | L5[WIO] M2 C16 - L4[IO] H5 M32 C2 M4X - L3[] H1 C2Y - L2[I] H1 - L1[W] C8 - L0[O] M2 
[  7] Utilization = 0.38 | pJ/Compute =  139.657 | L5[WIO] C32 - L4[IO] M64 C2 M8X - L3[] H1 C2Y - L2[I] H5 - L1[W] C4 - L0[O] H1 
[  3] Utilization = 0.38 | pJ/Compute =  144.132 | L5[WIO] C64 - L4[IO] M32 C2 M8X - L3[] H1 C2Y - L2[I] H1 - L1[W] H5 C2 - L0[O] M2 
[  3] Utilization = 0.38 | pJ/Compute =  139.507 | L5[WIO] M4 C32 - L4[IO] H5 M16 C4 M8X - L3[] H1 C2Y - L2[I] H1 - L1[W] C2 - L0[O] H1 
[  5] Utilization = 0.38 | pJ/Compute =  138.814 | L5[WIO] M32 C2 - L4[IO] C16 M8X - L3[] H5 C2Y - L2[I] H1 - L1[W] C8 - L0[O] M2 
[  1] Utilization = 0.19 | pJ/Compute =  139.428 | L5[WIO] M2 C64 - L4[IO] M16 C4 M8X - L3[] H1 - L2[I] H1 - L1[W] C2 - L0[O] H5 M2 
[  3] Utilization = 0.38 | pJ/Compute =  136.813 | L5[WIO] H1 - L4[IO] M4 C32 M8X - L3[] H5 C2Y - L2[I] H1 - L1[W] C8 - L0[O] M16 
[  1] Utilization = 0.19 | pJ/Compute =  138.018 | L5[WIO] H5 M8 C2 - L4[IO] M4 C16 M4X - L3[] H1 C2Y - L2[I] H1 - L1[W] C8 - L0[O] M4 
[  1] Utilization = 0.38 | pJ/Compute =  153.221 | L5[WIO] C256 - L4[IO] M8 M8X - L3[] H1 M2Y - L2[I] H5 - L1[W] C2 - L0[O] M4 
[  7] Utilization = 0.38 | pJ/Compute =  137.457 | L5[WIO] H5 M2 C32 - L4[IO] M2 C2 M8X - L3[] H1 C2Y - L2[I] H1 - L1[W] C4 - L0[O] M16 
[  0] Utilization = 0.38 | pJ/Compute =  136.845 | L5[WIO] C8 - L4[IO] M8 C4 M8X - L3[] H1 C2Y - L2[I] H5 - L1[W] C8 - L0[O] M8 
[  3] Utilization = 0.38 | pJ/Compute =  135.739 | L5[WIO] H5 M4 C4 - L4[IO] C8 M8X - L3[] H1 C2Y - L2[I] H1 - L1[W] C8 - L0[O] M16 
[  5] Utilization = 0.38 | pJ/Compute =  135.809 | L5[WIO] M8 C4 - L4[IO] H5 M2 C16 M8X - L3[] H1 M2Y - L2[I] H1 - L1[W] C8 - L0[O] M2 
[  0] Utilization = 0.38 | pJ/Compute =  135.525 | L5[WIO] M4 C8 - L4[IO] H5 M2 C32 M8X - L3[] H1 M2Y - L2[I] H1 - L1[W] C2 - L0[O] M4 
[  1] Utilization = 0.38 | pJ/Compute =  137.043 | L5[WIO] M2 - L4[IO] H5 M32 C256 M8X - L3[] H1 C2Y - L2[I] H1 - L1[W] H1 - L0[O] H1 
[  2] Utilization = 0.38 | pJ/Compute =  136.070 | L5[WIO] H5 C2 - L4[IO] M32 C64 M8X - L3[] H1 C2Y - L2[I] H1 - L1[W] C2 - L0[O] M2 
[  1] Utilization = 0.38 | pJ/Compute =  135.401 | L5[WIO] H5 M2 C4 - L4[IO] M2 C32 M8X - L3[] H1 M2Y - L2[I] H1 - L1[W] C4 - L0[O] M8 
[  0] Utilization = 0.38 | pJ/Compute =  135.188 | L5[WIO] H5 - L4[IO] M16 C256 M8X - L3[] H1 M2Y - L2[I] H1 - L1[W] C2 - L0[O] M2 
[  1] Utilization = 0.38 | pJ/Compute =  134.970 | L5[WIO] M2 C2 - L4[IO] H5 M4 C64 M8X - L3[] H1 M2Y - L2[I] H1 - L1[W] C4 - L0[O] M4 
[  5] Utilization = 0.38 | pJ/Compute =  135.057 | L5[WIO] M4 C4 - L4[IO] H5 C32 M8X - L3[] H1 M2Y - L2[I] H1 - L1[W] C4 - L0[O] M8 
[  7] Utilization = 0.38 | pJ/Compute =  136.998 | L5[WIO] M2 C32 - L4[IO] H5 M2 C4 M8X - L3[] H1 C2Y - L2[I] H1 - L1[W] C2 - L0[O] M16 
[  1] Utilization = 0.38 | pJ/Compute =  134.745 | L5[WIO] M2 - L4[IO] M16 C256 M8X - L3[] H1 C2Y - L2[I] H1 - L1[W] H1 - L0[O] H5 M2 
[  2] Utilization = 0.38 | pJ/Compute =  135.188 | L5[WIO] H1 - L4[IO] H5 M16 C512 M8X - L3[] H1 M2Y - L2[I] H1 - L1[W] H1 - L0[O] M2 
[  3] Utilization = 0.38 | pJ/Compute =  135.289 | L5[WIO] H5 C4 - L4[IO] M8 C64 M8X - L3[] H1 M2Y - L2[I] H1 - L1[W] C2 - L0[O] M4 
[  7] Utilization = 0.38 | pJ/Compute =  135.093 | L5[WIO] H5 M2 C256 - L4[IO] C2 M8X - L3[] H1 M2Y - L2[I] H1 - L1[W] H1 - L0[O] M16 
[  0] Utilization = 0.38 | pJ/Compute =  134.630 | L5[WIO] H1 - L4[IO] M16 C64 M8X - L3[] H1 M2Y - L2[I] H1 - L1[W] C8 - L0[O] H5 M2 
[  6] Utilization = 0.38 | pJ/Compute =  134.577 | L5[WIO] M2 - L4[IO] H5 C512 M8X - L3[] H1 M2Y - L2[I] H1 - L1[W] H1 - L0[O] M16 
[  5] Utilization = 0.38 | pJ/Compute =  134.809 | L5[WIO] H1 - L4[IO] H5 M8 C256 M8X - L3[] H1 C2Y - L2[I] H1 - L1[W] H1 - L0[O] M8 
[  3] Utilization = 0.38 | pJ/Compute =  134.850 | L5[WIO] C4 - L4[IO] M16 C64 M8X - L3[] H1 M2Y - L2[I] H1 - L1[W] C2 - L0[O] H5 M2 
[  7] Utilization = 0.38 | pJ/Compute =  134.650 | L5[WIO] H1 - L4[IO] H5 M4 C128 M8X - L3[] H1 C2Y - L2[I] H1 - L1[W] C2 - L0[O] M16 
[  2] Utilization = 0.38 | pJ/Compute =  134.630 | L5[WIO] H1 - L4[IO] M16 C512 M8X - L3[] H1 M2Y - L2[I] H1 - L1[W] H1 - L0[O] H5 M2 
[  4] Utilization = 0.38 | pJ/Compute =  134.577 | L5[WIO] H5 - L4[IO] M2 C64 M8X - L3[] H1 M2Y - L2[I] H1 - L1[W] C8 - L0[O] M16 
[  5] Utilization = 0.38 | pJ/Compute =  134.650 | L5[WIO] H5 M4 - L4[IO] C64 M8X - L3[] H1 C2Y - L2[I] H1 - L1[W] C4 - L0[O] M16 
[  3] Utilization = 0.38 | pJ/Compute =  134.650 | L5[WIO] H5 M2 - L4[IO] M2 C128 M8X - L3[] H1 C2Y - L2[I] H1 - L1[W] C2 - L0[O] M16 
[  1] STATEMENT: 3000 suboptimal mappings found since the last upgrade, terminating search.
[  7] STATEMENT: 3000 suboptimal mappings found since the last upgrade, terminating search.
[  6] STATEMENT: 3000 suboptimal mappings found since the last upgrade, terminating search.
[  2] STATEMENT: 3000 suboptimal mappings found since the last upgrade, terminating search.
[  0] STATEMENT: 3000 suboptimal mappings found since the last upgrade, terminating search.
[  5] STATEMENT: 3000 suboptimal mappings found since the last upgrade, terminating search.
[  4] STATEMENT: 3000 suboptimal mappings found since the last upgrade, terminating search.
[  3] STATEMENT: 3000 suboptimal mappings found since the last upgrade, terminating search.
