[  6] Utilization = 0.18 | pJ/Compute =   39.809 | L5[WIO] M16 C8 - L4[IO] P5 C2 M2X Q5X - L3[] H1 S3Y - L2[I] H1 - L1[W] R3 - L0[O] H5 
[  1] Utilization = 0.18 | pJ/Compute =   38.222 | L5[WIO] M16 C2 - L4[IO] P5 C8 M2X Q5X - L3[] H1 S3Y - L2[I] H1 - L1[W] R3 - L0[O] H5 
[  2] Utilization = 0.07 | pJ/Compute =   36.529 | L5[WIO] Q5 M2 C16 - L4[IO] P5 M2X - L3[] H1 M2Y S3Y - L2[I] H1 - L1[W] H5 R3 - L0[O] M4 
[  5] Utilization = 0.36 | pJ/Compute =   17.083 | L5[WIO] M16 C8 - L4[IO] P5 M2X Q5X - L3[] H1 C2Y S3Y - L2[I] H1 - L1[W] R3 - L0[O] H5 
[  6] Utilization = 0.71 | pJ/Compute =   35.240 | L5[WIO] H1 - L4[IO] M16 P5 C2 M2X Q5X - L3[] H5 C4Y S3Y - L2[I] H1 - L1[W] R3 C2 - L0[O] H1 
[  1] Utilization = 0.38 | pJ/Compute =   37.930 | L5[WIO] H5 M8 - L4[IO] P5 C4 M2X Q5X - L3[] H1 M2Y C2Y S3Y - L2[I] H1 - L1[W] R3 C2 - L0[O] H1 
[  1] Utilization = 0.71 | pJ/Compute =   34.960 | L5[WIO] H1 - L4[IO] M16 P5 M2X Q5X - L3[] H5 C4Y S3Y - L2[I] H1 - L1[W] R3 C4 - L0[O] H1 
[  2] Utilization = 0.18 | pJ/Compute =   38.222 | L5[WIO] M16 C2 - L4[IO] P5 C4 M2X Q5X - L3[] H1 S3Y - L2[I] H1 - L1[W] R3 C2 - L0[O] H5 
[  5] Utilization = 0.71 | pJ/Compute =   21.646 | L5[WIO] H5 M8 C2 - L4[IO] P5 M2X Q5X - L3[] H1 M2Y C2Y S3Y - L2[I] H1 - L1[W] R3 C4 - L0[O] H1 
[  3] Utilization = 0.36 | pJ/Compute =   38.227 | L5[WIO] M16 C2 - L4[IO] P5 C4 M2X Q5X - L3[] H1 C2Y S3Y - L2[I] H1 - L1[W] R3 - L0[O] H5 
[  4] Utilization = 0.18 | pJ/Compute =   17.047 | L5[WIO] M16 C8 - L4[IO] P5 M2X Q5X - L3[] H1 S3Y - L2[I] H1 - L1[W] R3 C2 - L0[O] H5 
[  0] Utilization = 0.14 | pJ/Compute =  136.740 | L5[WIO] Q5 M2 - L4[IO] P5 C4 M2X - L3[] H1 M2Y C2Y S3Y - L2[I] H1 - L1[W] H5 R3 C2 - L0[O] M4 
[  7] Utilization = 0.18 | pJ/Compute =   15.989 | L5[WIO] M16 C4 - L4[IO] P5 M2X Q5X - L3[] H1 S3Y - L2[I] H1 - L1[W] R3 C4 - L0[O] H5 
[  0] Utilization = 0.71 | pJ/Compute =   38.238 | L5[WIO] M16 C2 - L4[IO] P5 C2 M2X Q5X - L3[] H1 C4Y S3Y - L2[I] H1 - L1[W] R3 - L0[O] H5 
[  1] Utilization = 0.71 | pJ/Compute =   34.303 | L5[WIO] H1 - L4[IO] M8 P5 C2 M2X Q5X - L3[] H5 M2Y C2Y S3Y - L2[I] H1 - L1[W] R3 C4 - L0[O] H1 
[  3] Utilization = 0.36 | pJ/Compute =   25.344 | L5[WIO] H5 M8 C16 - L4[IO] P5 M2X Q5X - L3[] H1 M2Y S3Y - L2[I] H1 - L1[W] R3 - L0[O] H1 
[  4] Utilization = 0.36 | pJ/Compute =   35.230 | L5[WIO] H1 - L4[IO] M16 P5 C2 M2X Q5X - L3[] H5 C2Y S3Y - L2[I] H1 - L1[W] R3 C4 - L0[O] H1 
[  2] Utilization = 0.36 | pJ/Compute =   34.879 | L5[WIO] M4 C2 - L4[IO] M2 P5 C4 Q5X - L3[] H1 M2Y C2Y S3Y - L2[I] H1 - L1[W] R3 - L0[O] H5 M2 
[  7] Utilization = 0.36 | pJ/Compute =   13.163 | L5[WIO] M4 C4 - L4[IO] M2 P5 Q5X - L3[] H1 M2Y C2Y S3Y - L2[I] H1 - L1[W] R3 C2 - L0[O] H5 M2 
[  4] Utilization = 0.36 | pJ/Compute =   14.242 | L5[WIO] M4 C8 - L4[IO] M2 P5 Q5X - L3[] H1 M2Y C2Y S3Y - L2[I] H1 - L1[W] R3 - L0[O] H5 M2 
[  7] Utilization = 0.71 | pJ/Compute =   34.843 | L5[WIO] H1 - L4[IO] M8 P5 C4 M2X Q5X - L3[] H5 M2Y C2Y S3Y - L2[I] H1 - L1[W] R3 C2 - L0[O] H1 
[  6] Utilization = 0.71 | pJ/Compute =   15.135 | L5[WIO] H5 C8 - L4[IO] M4 P5 M2X Q5X - L3[] H1 M2Y C2Y S3Y - L2[I] H1 - L1[W] R3 - L0[O] M2 
[  2] Utilization = 0.57 | pJ/Compute =  136.115 | L5[WIO] Q5 C2 - L4[IO] P5 C2 M8X - L3[] H1 M4Y S3Y - L2[I] H1 - L1[W] R3 C4 - L0[O] H5 
[  2] Utilization = 0.71 | pJ/Compute =   35.175 | L5[WIO] C8 - L4[IO] M4 P5 M2X Q5X - L3[] H1 M2Y C2Y S3Y - L2[I] H5 - L1[W] R3 - L0[O] M2 
[  0] Utilization = 0.71 | pJ/Compute =   35.435 | L5[WIO] C2 - L4[IO] M4 P5 C4 M2X Q5X - L3[] H1 M2Y C2Y S3Y - L2[I] H5 - L1[W] R3 - L0[O] M2 
[  4] Utilization = 0.71 | pJ/Compute =   36.563 | L5[WIO] H5 C2 - L4[IO] M4 P5 C4 M2X Q5X - L3[] H1 M2Y C2Y S3Y - L2[I] H1 - L1[W] R3 - L0[O] M2 
[  3] Utilization = 0.71 | pJ/Compute =   33.784 | L5[WIO] C2 - L4[IO] M8 P5 M2X Q5X - L3[] H1 M2Y C2Y S3Y - L2[I] H5 - L1[W] R3 C4 - L0[O] H1 
[  1] Utilization = 0.71 | pJ/Compute =   34.033 | L5[WIO] H1 - L4[IO] M8 P5 C2 M2X Q5X - L3[] H1 M2Y C2Y S3Y - L2[I] H1 - L1[W] R3 C4 - L0[O] H5 
[  7] Utilization = 0.71 | pJ/Compute =   34.033 | L5[WIO] H1 - L4[IO] M8 P5 C4 M2X Q5X - L3[] H1 M2Y C2Y S3Y - L2[I] H1 - L1[W] R3 C2 - L0[O] H5 
[  2] Utilization = 0.71 | pJ/Compute =   35.039 | L5[WIO] C4 - L4[IO] P5 C2 M2X Q5X - L3[] H1 M4Y S3Y - L2[I] H1 - L1[W] H5 R3 C2 - L0[O] M4 
[  4] Utilization = 0.71 | pJ/Compute =   11.808 | L5[WIO] C2 - L4[IO] M4 P5 M2X Q5X - L3[] H1 M2Y C2Y S3Y - L2[I] H1 - L1[W] H5 R3 C4 - L0[O] M2 
[  0] Utilization = 0.71 | pJ/Compute =   34.356 | L5[WIO] H1 - L4[IO] M4 P5 C4 M2X Q5X - L3[] H1 M2Y C2Y S3Y - L2[I] H1 - L1[W] H5 R3 C2 - L0[O] M2 
[  2] Utilization = 0.71 | pJ/Compute =   34.363 | L5[WIO] C2 - L4[IO] M4 P5 C2 M2X Q5X - L3[] H1 M4Y S3Y - L2[I] H1 - L1[W] H5 R3 C4 - L0[O] H1 
[  0] Utilization = 0.71 | pJ/Compute =   34.137 | L5[WIO] C4 - L4[IO] M2 P5 M2X Q5X - L3[] H5 C4Y S3Y - L2[I] H1 - L1[W] R3 - L0[O] M8 
[  7] Utilization = 0.71 | pJ/Compute =   12.573 | L5[WIO] M2 C4 - L4[IO] M2 P5 M2X Q5X - L3[] H1 C4Y S3Y - L2[I] H1 - L1[W] H5 R3 - L0[O] M4 
[  5] Utilization = 0.71 | pJ/Compute =   13.529 | L5[WIO] H5 M8 - L4[IO] P5 M2X Q5X - L3[] H1 C4Y S3Y - L2[I] H1 - L1[W] R3 C4 - L0[O] M2 
[  3] Utilization = 0.71 | pJ/Compute =   12.942 | L5[WIO] M4 C4 - L4[IO] P5 M2X Q5X - L3[] H1 M4Y S3Y - L2[I] H1 - L1[W] H5 R3 C4 - L0[O] H1 
[  0] Utilization = 0.71 | pJ/Compute =   14.000 | L5[WIO] M4 C8 - L4[IO] P5 M2X Q5X - L3[] H1 M4Y S3Y - L2[I] H1 - L1[W] H5 R3 C2 - L0[O] H1 
[  0] Utilization = 0.71 | pJ/Compute =   12.420 | L5[WIO] H1 - L4[IO] H5 M4 P5 M2X Q5X - L3[] H1 C4Y S3Y - L2[I] H1 - L1[W] R3 C4 - L0[O] M4 
[  3] Utilization = 0.71 | pJ/Compute =   11.754 | L5[WIO] H1 - L4[IO] M8 P5 M2X Q5X - L3[] H1 C4Y S3Y - L2[I] H1 - L1[W] R3 C4 - L0[O] H5 M2 
[  2] Utilization = 0.71 | pJ/Compute =   34.112 | L5[WIO] M2 - L4[IO] P5 C4 M2X Q5X - L3[] H5 M2Y C2Y S3Y - L2[I] H1 - L1[W] R3 C2 - L0[O] M4 
[  5] Utilization = 0.71 | pJ/Compute =   12.664 | L5[WIO] H5 C2 - L4[IO] P5 M2X Q5X - L3[] H1 M2Y C2Y S3Y - L2[I] H1 - L1[W] R3 C4 - L0[O] M8 
[  1] Utilization = 0.71 | pJ/Compute =   33.668 | L5[WIO] H5 - L4[IO] P5 C4 M2X Q5X - L3[] H1 M2Y C2Y S3Y - L2[I] H1 - L1[W] R3 C2 - L0[O] M8 
[  6] Utilization = 0.71 | pJ/Compute =   14.053 | L5[WIO] M2 C2 - L4[IO] H5 M4 P5 M2X Q5X - L3[] H1 M2Y C2Y S3Y - L2[I] H1 - L1[W] R3 C4 - L0[O] H1 
[  2] Utilization = 0.71 | pJ/Compute =   14.026 | L5[WIO] M4 C8 - L4[IO] P5 M2X Q5X - L3[] H1 M2Y C2Y S3Y - L2[I] H1 - L1[W] R3 - L0[O] H5 M2 
[  1] Utilization = 0.71 | pJ/Compute =   15.607 | L5[WIO] H5 M2 C2 - L4[IO] M4 P5 M2X Q5X - L3[] H1 C4Y S3Y - L2[I] H1 - L1[W] R3 C2 - L0[O] M2 
[  6] Utilization = 0.71 | pJ/Compute =   13.973 | L5[WIO] M8 C4 - L4[IO] P5 M2X Q5X - L3[] H1 M2Y C2Y S3Y - L2[I] H1 - L1[W] R3 C2 - L0[O] H5 
[  5] Utilization = 0.71 | pJ/Compute =   12.149 | L5[WIO] C2 - L4[IO] H5 M2 P5 M2X Q5X - L3[] H1 M2Y C2Y S3Y - L2[I] H1 - L1[W] R3 C4 - L0[O] M4 
[  1] Utilization = 0.71 | pJ/Compute =   12.423 | L5[WIO] M2 C4 - L4[IO] P5 M2X Q5X - L3[] H1 M4Y S3Y - L2[I] H1 - L1[W] H5 R3 C4 - L0[O] M2 
[  1] Utilization = 0.71 | pJ/Compute =   12.347 | L5[WIO] C4 - L4[IO] M4 P5 M2X Q5X - L3[] H1 M2Y C2Y S3Y - L2[I] H1 - L1[W] H5 R3 C2 - L0[O] M2 
[  2] Utilization = 0.71 | pJ/Compute =   13.958 | L5[WIO] M2 C8 - L4[IO] H5 P5 M2X Q5X - L3[] H1 M4Y S3Y - L2[I] H1 - L1[W] R3 C2 - L0[O] M2 
[  2] Utilization = 0.71 | pJ/Compute =   12.235 | L5[WIO] M2 C2 - L4[IO] M4 P5 M2X Q5X - L3[] H1 M2Y C2Y S3Y - L2[I] H1 - L1[W] H5 R3 C4 - L0[O] H1 
[  6] Utilization = 0.71 | pJ/Compute =   13.626 | L5[WIO] M2 C8 - L4[IO] M2 P5 M2X Q5X - L3[] H1 M2Y C2Y S3Y - L2[I] H1 - L1[W] H5 R3 - L0[O] M2 
[  6] Utilization = 0.71 | pJ/Compute =   12.235 | L5[WIO] M2 C2 - L4[IO] M4 P5 M2X Q5X - L3[] H1 M2Y C2Y S3Y - L2[I] H1 - L1[W] R3 C4 - L0[O] H5 
[  1] Utilization = 0.71 | pJ/Compute =   11.865 | L5[WIO] C2 - L4[IO] H5 P5 M2X Q5X - L3[] H1 M2Y C2Y S3Y - L2[I] H1 - L1[W] R3 C4 - L0[O] M8 
[  2] Utilization = 0.71 | pJ/Compute =   12.198 | L5[WIO] M16 - L4[IO] P5 M2X Q5X - L3[] H1 C4Y S3Y - L2[I] H1 - L1[W] H5 R3 C4 - L0[O] H1 
[  1] Utilization = 0.71 | pJ/Compute =   11.754 | L5[WIO] M8 - L4[IO] P5 M2X Q5X - L3[] H1 C4Y S3Y - L2[I] H1 - L1[W] R3 C4 - L0[O] H5 M2 
[  0] Utilization = 0.71 | pJ/Compute =   12.224 | L5[WIO] C4 - L4[IO] M2 P5 M2X Q5X - L3[] H1 M4Y S3Y - L2[I] H1 - L1[W] H5 R3 C4 - L0[O] M2 
[  6] Utilization = 0.71 | pJ/Compute =   12.198 | L5[WIO] M4 - L4[IO] M4 P5 M2X Q5X - L3[] H1 C4Y S3Y - L2[I] H1 - L1[W] H5 R3 C4 - L0[O] H1 
[  1] Utilization = 0.71 | pJ/Compute =   11.588 | L5[WIO] H1 - L4[IO] H5 P5 M2X Q5X - L3[] H1 C4Y S3Y - L2[I] H1 - L1[W] R3 C4 - L0[O] M16 
[  0] Utilization = 0.71 | pJ/Compute =   12.198 | L5[WIO] M8 - L4[IO] M2 P5 M2X Q5X - L3[] H1 C4Y S3Y - L2[I] H1 - L1[W] R3 C4 - L0[O] H5 
[  2] Utilization = 0.71 | pJ/Compute =   11.754 | L5[WIO] M2 - L4[IO] M4 P5 M2X Q5X - L3[] H1 C4Y S3Y - L2[I] H1 - L1[W] H5 R3 C4 - L0[O] M2 
[  5] Utilization = 0.71 | pJ/Compute =   11.754 | L5[WIO] M8 - L4[IO] P5 M2X Q5X - L3[] H1 C4Y S3Y - L2[I] H1 - L1[W] H5 R3 C4 - L0[O] M2 
[  6] Utilization = 0.71 | pJ/Compute =   12.035 | L5[WIO] C2 - L4[IO] M8 P5 M2X Q5X - L3[] H1 C4Y S3Y - L2[I] H1 - L1[W] H5 R3 C2 - L0[O] M2 
[  7] Utilization = 0.71 | pJ/Compute =   11.754 | L5[WIO] M4 - L4[IO] M2 P5 M2X Q5X - L3[] H1 C4Y S3Y - L2[I] H1 - L1[W] H5 R3 C4 - L0[O] M2 
[  0] Utilization = 0.71 | pJ/Compute =   11.808 | L5[WIO] C2 - L4[IO] M4 P5 M2X Q5X - L3[] H1 M2Y C2Y S3Y - L2[I] H1 - L1[W] R3 C4 - L0[O] H5 M2 
[  4] STATEMENT: 3000 suboptimal mappings found since the last upgrade, terminating search.
[  3] STATEMENT: 3000 suboptimal mappings found since the last upgrade, terminating search.
[  5] Utilization = 0.71 | pJ/Compute =   11.588 | L5[WIO] H5 - L4[IO] P5 M2X Q5X - L3[] H1 C4Y S3Y - L2[I] H1 - L1[W] R3 C4 - L0[O] M16 
[  1] STATEMENT: 3000 suboptimal mappings found since the last upgrade, terminating search.
[  2] STATEMENT: 3000 suboptimal mappings found since the last upgrade, terminating search.
[  6] Utilization = 0.71 | pJ/Compute =   11.754 | L5[WIO] M2 - L4[IO] M4 P5 M2X Q5X - L3[] H1 C4Y S3Y - L2[I] H1 - L1[W] R3 C4 - L0[O] H5 M2 
[  7] STATEMENT: 3000 suboptimal mappings found since the last upgrade, terminating search.
[  0] STATEMENT: 3000 suboptimal mappings found since the last upgrade, terminating search.
[  5] STATEMENT: 3000 suboptimal mappings found since the last upgrade, terminating search.
[  6] STATEMENT: 3000 suboptimal mappings found since the last upgrade, terminating search.
