[  0] Utilization = 0.01 | pJ/Compute =  153.041 | L5[WIO] Q10 - L4[IO] P10 - L3[] H5 M2Y S3Y - L2[I] H1 - L1[W] R3 - L0[O] M8 
[  2] Utilization = 0.11 | pJ/Compute =   26.380 | L5[WIO] Q2 M2 - L4[IO] M2 P10 Q5X - L3[] H1 H5Y S3Y - L2[I] H1 - L1[W] R3 - L0[O] M4 
[  0] Utilization = 0.04 | pJ/Compute =   26.746 | L5[WIO] Q2 M4 - L4[IO] M2 P10 M2X Q5X - L3[] H1 S3Y - L2[I] H1 - L1[W] H5 R3 - L0[O] H1 
[  1] Utilization = 0.11 | pJ/Compute =   24.768 | L5[WIO] H1 - L4[IO] P10 Q10X - L3[] H1 M16Y S3Y - L2[I] H1 - L1[W] R3 - L0[O] H5 
[  4] Utilization = 0.01 | pJ/Compute =  153.041 | L5[WIO] Q10 - L4[IO] P10 M2X - L3[] H5 S3Y - L2[I] H1 - L1[W] R3 - L0[O] M8 
[  4] Utilization = 0.02 | pJ/Compute =   24.625 | L5[WIO] Q5 - L4[IO] P10 Q2X - L3[] H1 M2Y S3Y - L2[I] H1 - L1[W] H5 R3 - L0[O] M8 
[  0] Utilization = 0.11 | pJ/Compute =   24.854 | L5[WIO] H1 - L4[IO] M2 P10 Q10X - L3[] H1 H5Y S3Y - L2[I] H1 - L1[W] R3 - L0[O] M8 
[  4] Utilization = 0.04 | pJ/Compute =   36.822 | L5[WIO] Q10 M2 - L4[IO] P10 - L3[] H1 M8Y S3Y - L2[I] H1 - L1[W] R3 - L0[O] H5 
[  3] Utilization = 0.11 | pJ/Compute =   24.759 | L5[WIO] H1 - L4[IO] P10 Q10X - L3[] H1 M8Y S3Y - L2[I] H1 - L1[W] R3 - L0[O] H5 M2 
[  2] Utilization = 0.11 | pJ/Compute =   24.861 | L5[WIO] H1 - L4[IO] M2 P10 Q10X - L3[] H1 M8Y S3Y - L2[I] H1 - L1[W] R3 - L0[O] H5 
[  4] Utilization = 0.04 | pJ/Compute =   26.936 | L5[WIO] Q2 M2 - L4[IO] H5 P10 M2X Q5X - L3[] H1 S3Y - L2[I] H1 - L1[W] R3 - L0[O] M4 
[  4] Utilization = 0.11 | pJ/Compute =   24.689 | L5[WIO] Q2 - L4[IO] P10 M2X Q5X - L3[] H1 M8Y S3Y - L2[I] H1 - L1[W] R3 - L0[O] H5 
[  3] Utilization = 0.11 | pJ/Compute =   24.642 | L5[WIO] Q5 - L4[IO] P10 Q2X - L3[] H1 M16Y S3Y - L2[I] H1 - L1[W] H5 R3 - L0[O] H1 
[  7] Utilization = 0.04 | pJ/Compute =   26.159 | L5[WIO] H1 - L4[IO] M16 P10 Q10X - L3[] H1 S3Y - L2[I] H1 - L1[W] H5 R3 - L0[O] H1 
[  6] Utilization = 0.11 | pJ/Compute =   26.451 | L5[WIO] Q2 M2 - L4[IO] M2 P10 M2X Q5X - L3[] H1 H5Y M2Y S3Y - L2[I] H1 - L1[W] R3 - L0[O] H1 
[  5] Utilization = 0.11 | pJ/Compute =   26.404 | L5[WIO] Q2 M2 - L4[IO] M2 P10 M2X Q5X - L3[] H1 H5Y S3Y - L2[I] H1 - L1[W] R3 - L0[O] M2 
[  7] Utilization = 0.09 | pJ/Compute =   38.554 | L5[WIO] M2 - L4[IO] M2 P10 Q10X - L3[] H5 M2Y S3Y - L2[I] H1 - L1[W] R3 - L0[O] M2 
[  7] Utilization = 0.11 | pJ/Compute =   36.457 | L5[WIO] Q10 - L4[IO] M2 P10 M4X - L3[] H1 H5Y M2Y S3Y - L2[I] H1 - L1[W] R3 - L0[O] H1 
[  5] Utilization = 0.11 | pJ/Compute =   24.680 | L5[WIO] Q2 - L4[IO] P10 M2X Q5X - L3[] H1 M4Y S3Y - L2[I] H1 - L1[W] R3 - L0[O] H5 M2 
[  6] Utilization = 0.11 | pJ/Compute =   38.578 | L5[WIO] M4 - L4[IO] P10 Q10X - L3[] H5 M4Y S3Y - L2[I] H1 - L1[W] R3 - L0[O] H1 
[  7] Utilization = 0.11 | pJ/Compute =   26.605 | L5[WIO] H1 - L4[IO] H5 M4 P10 Q10X - L3[] H1 M4Y S3Y - L2[I] H1 - L1[W] R3 - L0[O] H1 
[  7] Utilization = 0.11 | pJ/Compute =   25.631 | L5[WIO] M2 - L4[IO] H5 P10 Q10X - L3[] H1 M4Y S3Y - L2[I] H1 - L1[W] R3 - L0[O] M2 
[  6] Utilization = 0.11 | pJ/Compute =   24.682 | L5[WIO] Q2 - L4[IO] P10 Q5X - L3[] H1 H5Y M2Y S3Y - L2[I] H1 - L1[W] R3 - L0[O] M8 
[  0] Utilization = 0.11 | pJ/Compute =   24.654 | L5[WIO] Q10 - L4[IO] P10 M8X - L3[] H1 H5Y S3Y - L2[I] H1 - L1[W] R3 - L0[O] M2 
[  1] Utilization = 0.11 | pJ/Compute =   24.701 | L5[WIO] Q10 - L4[IO] P10 M8X - L3[] H1 H5Y M2Y S3Y - L2[I] H1 - L1[W] R3 - L0[O] H1 
[  7] Utilization = 0.11 | pJ/Compute =   24.852 | L5[WIO] M2 - L4[IO] P10 Q10X - L3[] H1 M4Y S3Y - L2[I] H1 - L1[W] R3 - L0[O] H5 M2 
[  2] Utilization = 0.11 | pJ/Compute =   24.682 | L5[WIO] Q2 - L4[IO] P10 M2X Q5X - L3[] H1 H5Y S3Y - L2[I] H1 - L1[W] R3 - L0[O] M8 
[  7] Utilization = 0.11 | pJ/Compute =   24.680 | L5[WIO] Q2 - L4[IO] P10 Q5X - L3[] H1 M8Y S3Y - L2[I] H1 - L1[W] H5 R3 - L0[O] M2 
[  2] Utilization = 0.11 | pJ/Compute =   24.642 | L5[WIO] Q5 - L4[IO] P10 M2X Q2X - L3[] H1 M8Y S3Y - L2[I] H1 - L1[W] H5 R3 - L0[O] H1 
[  1] Utilization = 0.11 | pJ/Compute =   24.646 | L5[WIO] Q5 - L4[IO] P10 M2X Q2X - L3[] H1 H5Y M2Y S3Y - L2[I] H1 - L1[W] R3 - L0[O] M4 
[  6] Utilization = 0.11 | pJ/Compute =   24.646 | L5[WIO] Q5 - L4[IO] P10 M4X Q2X - L3[] H1 H5Y S3Y - L2[I] H1 - L1[W] R3 - L0[O] M4 
[  3] STATEMENT: 3000 suboptimal mappings found since the last upgrade, terminating search.
[  4] STATEMENT: 3000 suboptimal mappings found since the last upgrade, terminating search.
[  5] STATEMENT: 3000 suboptimal mappings found since the last upgrade, terminating search.
[  0] STATEMENT: 3000 suboptimal mappings found since the last upgrade, terminating search.
[  2] STATEMENT: 3000 suboptimal mappings found since the last upgrade, terminating search.
[  6] STATEMENT: 3000 suboptimal mappings found since the last upgrade, terminating search.
[  7] STATEMENT: 3000 suboptimal mappings found since the last upgrade, terminating search.
[  1] STATEMENT: 3000 suboptimal mappings found since the last upgrade, terminating search.
