[  0] Utilization = 0.07 | pJ/Compute =  105.547 | L5[WIO] M32 C2 - L4[IO] M4 P2 C32 Q2X - L3[] Q1 S3Y - L2[I] Q1 - L1[W] R3 - L0[O] Q1 
[  0] Utilization = 0.07 | pJ/Compute =   72.521 | L5[WIO] Q2 M2 C16 - L4[IO] M2 P2 M2X - L3[] Q1 S3Y - L2[I] Q1 - L1[W] R3 C4 - L0[O] M16 
[  6] Utilization = 0.29 | pJ/Compute =   72.525 | L5[WIO] Q2 C32 - L4[IO] P2 M4X - L3[] Q1 M2Y S3Y - L2[I] Q1 - L1[W] R3 C2 - L0[O] M16 
[  0] Utilization = 0.29 | pJ/Compute =  149.250 | L5[WIO] Q2 M16 C2 - L4[IO] P2 C32 M4X - L3[] Q1 M2Y S3Y - L2[I] Q1 - L1[W] R3 - L0[O] Q1 
[  5] Utilization = 0.07 | pJ/Compute =  105.547 | L5[WIO] M32 C2 - L4[IO] M4 P2 C16 Q2X - L3[] Q1 S3Y - L2[I] Q1 - L1[W] R3 C2 - L0[O] Q1 
[  3] Utilization = 0.57 | pJ/Compute =   73.460 | L5[WIO] M4 - L4[IO] M4 P2 C64 M4X Q2X - L3[] Q1 M2Y S3Y - L2[I] Q1 - L1[W] R3 - L0[O] Q1 
[  1] Utilization = 0.29 | pJ/Compute =  135.387 | L5[WIO] Q2 C2 - L4[IO] P2 C16 M4X - L3[] Q1 M2Y S3Y - L2[I] Q1 - L1[W] R3 C2 - L0[O] M16 
[  2] Utilization = 0.14 | pJ/Compute =   75.715 | L5[WIO] M8 C2 - L4[IO] P2 C16 Q2X - L3[] Q1 C2Y S3Y - L2[I] Q1 - L1[W] R3 - L0[O] M16 
[  7] Utilization = 0.29 | pJ/Compute =  137.460 | L5[WIO] Q2 - L4[IO] M16 P2 C64 M4X - L3[] Q1 M2Y S3Y - L2[I] Q1 - L1[W] R3 - L0[O] Q1 
[  4] Utilization = 0.29 | pJ/Compute =   76.237 | L5[WIO] Q2 C64 - L4[IO] M16 P2 M4X - L3[] Q1 M2Y S3Y - L2[I] Q1 - L1[W] R3 - L0[O] Q1 
[  5] Utilization = 0.29 | pJ/Compute =   98.330 | L5[WIO] Q2 M32 C16 - L4[IO] P2 M4X - L3[] Q1 C2Y S3Y - L2[I] Q1 - L1[W] R3 C2 - L0[O] Q1 
[  0] Utilization = 0.29 | pJ/Compute =  137.371 | L5[WIO] Q2 C32 - L4[IO] P2 C2 M4X - L3[] Q1 M2Y S3Y - L2[I] Q1 - L1[W] R3 - L0[O] M16 
[  7] Utilization = 0.57 | pJ/Compute =  135.683 | L5[WIO] Q2 C4 - L4[IO] M2 P2 C4 M8X - L3[] Q1 C2Y S3Y - L2[I] Q1 - L1[W] R3 C2 - L0[O] M8 
[  2] Utilization = 0.29 | pJ/Compute =   42.099 | L5[WIO] M4 C32 - L4[IO] P2 M2X Q2X - L3[] Q1 M2Y S3Y - L2[I] Q1 - L1[W] R3 C2 - L0[O] M8 
[  4] Utilization = 0.29 | pJ/Compute =   75.095 | L5[WIO] M4 C32 - L4[IO] P2 C2 M2X Q2X - L3[] Q1 M2Y S3Y - L2[I] Q1 - L1[W] R3 - L0[O] M8 
[  1] Utilization = 0.29 | pJ/Compute =   73.342 | L5[WIO] M16 - L4[IO] P2 C16 M2X Q2X - L3[] Q1 M2Y S3Y - L2[I] Q1 - L1[W] R3 C4 - L0[O] M2 
[  4] Utilization = 0.57 | pJ/Compute =   72.759 | L5[WIO] M2 C2 - L4[IO] M4 P2 C32 M4X Q2X - L3[] Q1 M2Y S3Y - L2[I] Q1 - L1[W] R3 - L0[O] M2 
[  1] Utilization = 0.29 | pJ/Compute =   73.017 | L5[WIO] M2 C16 - L4[IO] M2 P2 C4 M2X Q2X - L3[] Q1 M2Y S3Y - L2[I] Q1 - L1[W] R3 - L0[O] M8 
[  0] Utilization = 0.29 | pJ/Compute =   77.254 | L5[WIO] Q2 M4 C64 - L4[IO] P2 M8X - L3[] Q1 S3Y - L2[I] Q1 - L1[W] R3 - L0[O] M4 
[  0] Utilization = 0.29 | pJ/Compute =   75.392 | L5[WIO] C32 - L4[IO] M16 P2 C2 M4X Q2X - L3[] Q1 S3Y - L2[I] Q1 - L1[W] R3 - L0[O] M2 
[  6] Utilization = 0.57 | pJ/Compute =   43.395 | L5[WIO] M4 C32 - L4[IO] M4 P2 M4X Q2X - L3[] Q1 M2Y S3Y - L2[I] Q1 - L1[W] R3 C2 - L0[O] Q1 
[  1] Utilization = 0.57 | pJ/Compute =   75.055 | L5[WIO] M4 C2 - L4[IO] M4 P2 C16 M4X Q2X - L3[] Q1 M2Y S3Y - L2[I] Q1 - L1[W] R3 C2 - L0[O] Q1 
[  2] Utilization = 0.57 | pJ/Compute =  139.204 | L5[WIO] Q2 M4 C8 - L4[IO] M2 P2 C4 M8X - L3[] Q1 C2Y S3Y - L2[I] Q1 - L1[W] R3 - L0[O] M2 
[  5] Utilization = 0.29 | pJ/Compute =   72.832 | L5[WIO] M2 C4 - L4[IO] M4 P2 C16 M2X Q2X - L3[] Q1 M2Y S3Y - L2[I] Q1 - L1[W] R3 - L0[O] M4 
[  5] Utilization = 0.29 | pJ/Compute =   49.030 | L5[WIO] M8 C16 - L4[IO] M8 P2 M2X Q2X - L3[] Q1 C2Y S3Y - L2[I] Q1 - L1[W] R3 C2 - L0[O] Q1 
[  4] Utilization = 0.57 | pJ/Compute =   72.249 | L5[WIO] C2 - L4[IO] M8 P2 C32 M4X Q2X - L3[] Q1 M2Y S3Y - L2[I] Q1 - L1[W] R3 - L0[O] M2 
[  2] Utilization = 0.57 | pJ/Compute =   72.183 | L5[WIO] M2 - L4[IO] M4 P2 C32 M4X Q2X - L3[] Q1 M2Y S3Y - L2[I] Q1 - L1[W] R3 C2 - L0[O] M2 
[  0] Utilization = 0.57 | pJ/Compute =   77.094 | L5[WIO] M8 C2 - L4[IO] M2 P2 C32 M4X Q2X - L3[] Q1 M2Y S3Y - L2[I] Q1 - L1[W] R3 - L0[O] Q1 
[  7] Utilization = 0.57 | pJ/Compute =   73.544 | L5[WIO] C4 - L4[IO] M16 P2 C2 M4X Q2X - L3[] Q1 C2Y S3Y - L2[I] Q1 - L1[W] R3 C4 - L0[O] M2 
[  5] Utilization = 0.57 | pJ/Compute =   58.174 | L5[WIO] M32 C16 - L4[IO] P2 M4X Q2X - L3[] Q1 C2Y S3Y - L2[I] Q1 - L1[W] R3 C2 - L0[O] Q1 
[  1] Utilization = 0.57 | pJ/Compute =   74.175 | L5[WIO] M4 C8 - L4[IO] M2 P2 C4 M4X Q2X - L3[] Q1 M2Y S3Y - L2[I] Q1 - L1[W] R3 C2 - L0[O] M2 
[  0] Utilization = 0.57 | pJ/Compute =   42.387 | L5[WIO] C64 - L4[IO] P2 M4X Q2X - L3[] Q1 M2Y S3Y - L2[I] Q1 - L1[W] R3 - L0[O] M16 
[  1] Utilization = 0.57 | pJ/Compute =   72.124 | L5[WIO] M8 - L4[IO] P2 C8 M4X Q2X - L3[] Q1 C2Y S3Y - L2[I] Q1 - L1[W] R3 C4 - L0[O] M4 
[  4] Utilization = 0.57 | pJ/Compute =   39.531 | L5[WIO] C16 - L4[IO] M4 P2 M4X Q2X - L3[] Q1 M2Y S3Y - L2[I] Q1 - L1[W] R3 C4 - L0[O] M4 
[  3] Utilization = 0.57 | pJ/Compute =   73.342 | L5[WIO] M8 - L4[IO] M2 P2 C32 M4X Q2X - L3[] Q1 C2Y S3Y - L2[I] Q1 - L1[W] R3 - L0[O] M2 
[  3] Utilization = 0.57 | pJ/Compute =   71.545 | L5[WIO] M2 - L4[IO] M2 P2 C64 M4X Q2X - L3[] Q1 M2Y S3Y - L2[I] Q1 - L1[W] R3 - L0[O] M4 
[  7] Utilization = 0.57 | pJ/Compute =   72.124 | L5[WIO] Q1 - L4[IO] M8 P2 C32 M4X Q2X - L3[] Q1 C2Y S3Y - L2[I] Q1 - L1[W] R3 - L0[O] M4 
[  1] Utilization = 0.57 | pJ/Compute =   71.743 | L5[WIO] C4 - L4[IO] M4 P2 C16 M4X Q2X - L3[] Q1 M2Y S3Y - L2[I] Q1 - L1[W] R3 - L0[O] M4 
[  7] Utilization = 0.57 | pJ/Compute =   71.413 | L5[WIO] C4 - L4[IO] M2 P2 C2 M4X Q2X - L3[] Q1 C2Y S3Y - L2[I] Q1 - L1[W] R3 C4 - L0[O] M16 
[  1] Utilization = 0.57 | pJ/Compute =   71.132 | L5[WIO] C2 - L4[IO] P2 C16 M4X Q2X - L3[] Q1 M2Y S3Y - L2[I] Q1 - L1[W] R3 C2 - L0[O] M16 
[  2] Utilization = 0.57 | pJ/Compute =   71.743 | L5[WIO] C4 - L4[IO] M4 P2 C8 M4X Q2X - L3[] Q1 M2Y S3Y - L2[I] Q1 - L1[W] R3 C2 - L0[O] M4 
[  6] Utilization = 0.57 | pJ/Compute =   40.270 | L5[WIO] C32 - L4[IO] P2 M4X Q2X - L3[] Q1 M2Y S3Y - L2[I] Q1 - L1[W] R3 C2 - L0[O] M16 
[  3] Utilization = 0.57 | pJ/Compute =   71.132 | L5[WIO] C2 - L4[IO] P2 C8 M4X Q2X - L3[] Q1 M2Y S3Y - L2[I] Q1 - L1[W] R3 C4 - L0[O] M16 
[  7] Utilization = 0.57 | pJ/Compute =   40.917 | L5[WIO] M2 C32 - L4[IO] P2 M4X Q2X - L3[] Q1 C2Y S3Y - L2[I] Q1 - L1[W] R3 - L0[O] M16 
[  5] Utilization = 0.57 | pJ/Compute =   42.372 | L5[WIO] C16 - L4[IO] M32 P2 M4X Q2X - L3[] Q1 C2Y S3Y - L2[I] Q1 - L1[W] R3 C2 - L0[O] Q1 
[  3] Utilization = 0.57 | pJ/Compute =   39.502 | L5[WIO] M2 C8 - L4[IO] M2 P2 M4X Q2X - L3[] Q1 C2Y S3Y - L2[I] Q1 - L1[W] R3 C4 - L0[O] M8 
[  0] Utilization = 0.57 | pJ/Compute =   39.212 | L5[WIO] C16 - L4[IO] P2 M4X Q2X - L3[] Q1 M2Y S3Y - L2[I] Q1 - L1[W] R3 C4 - L0[O] M16 
[  2] Utilization = 0.57 | pJ/Compute =   40.590 | L5[WIO] C32 - L4[IO] M4 P2 M4X Q2X - L3[] Q1 M2Y S3Y - L2[I] Q1 - L1[W] R3 C2 - L0[O] M4 
[  1] Utilization = 0.57 | pJ/Compute =   39.531 | L5[WIO] C16 - L4[IO] M4 P2 M4X Q2X - L3[] Q1 C2Y S3Y - L2[I] Q1 - L1[W] R3 C2 - L0[O] M8 
[  5] Utilization = 0.57 | pJ/Compute =   39.937 | L5[WIO] C16 - L4[IO] M8 P2 M4X Q2X - L3[] Q1 C2Y S3Y - L2[I] Q1 - L1[W] R3 C2 - L0[O] M4 
[  7] Utilization = 0.57 | pJ/Compute =   38.992 | L5[WIO] C8 - L4[IO] M4 P2 M4X Q2X - L3[] Q1 C2Y S3Y - L2[I] Q1 - L1[W] R3 C4 - L0[O] M8 
[  2] Utilization = 0.57 | pJ/Compute =   40.377 | L5[WIO] C32 - L4[IO] M2 P2 M4X Q2X - L3[] Q1 M2Y S3Y - L2[I] Q1 - L1[W] R3 C2 - L0[O] M8 
[  3] Utilization = 0.57 | pJ/Compute =   39.398 | L5[WIO] C8 - L4[IO] M8 P2 M4X Q2X - L3[] Q1 C2Y S3Y - L2[I] Q1 - L1[W] R3 C4 - L0[O] M4 
[  4] Utilization = 0.57 | pJ/Compute =   39.319 | L5[WIO] C16 - L4[IO] M2 P2 M4X Q2X - L3[] Q1 M2Y S3Y - L2[I] Q1 - L1[W] R3 C4 - L0[O] M8 
[  1] Utilization = 0.57 | pJ/Compute =   39.328 | L5[WIO] C16 - L4[IO] M2 P2 M4X Q2X - L3[] Q1 C2Y S3Y - L2[I] Q1 - L1[W] R3 C2 - L0[O] M16 
[  7] Utilization = 0.57 | pJ/Compute =   38.789 | L5[WIO] C8 - L4[IO] M2 P2 M4X Q2X - L3[] Q1 C2Y S3Y - L2[I] Q1 - L1[W] R3 C4 - L0[O] M16 
[  0] STATEMENT: 3000 suboptimal mappings found since the last upgrade, terminating search.
[  6] STATEMENT: 3000 suboptimal mappings found since the last upgrade, terminating search.
[  5] STATEMENT: 3000 suboptimal mappings found since the last upgrade, terminating search.
[  2] STATEMENT: 3000 suboptimal mappings found since the last upgrade, terminating search.
[  3] STATEMENT: 3000 suboptimal mappings found since the last upgrade, terminating search.
[  4] STATEMENT: 3000 suboptimal mappings found since the last upgrade, terminating search.
[  1] STATEMENT: 3000 suboptimal mappings found since the last upgrade, terminating search.
[  7] STATEMENT: 3000 suboptimal mappings found since the last upgrade, terminating search.
