[  4] Utilization = 0.29 | pJ/Compute =   71.634 | L5[WIO] C4 - L4[IO] H5 P2 C2 M4X Q2X - L3[] H1 M4Y S3Y - L2[I] H1 - L1[W] R3 C4 - L0[O] M4 
[  0] Utilization = 0.29 | pJ/Compute =  136.385 | L5[WIO] Q2 M2 C2 - L4[IO] P2 C4 M8X - L3[] H1 M4Y S3Y - L2[I] H1 - L1[W] H5 R3 C4 - L0[O] H1 
[  4] Utilization = 0.57 | pJ/Compute =  137.482 | L5[WIO] Q2 M2 C2 - L4[IO] P2 C8 M8X - L3[] H1 M4Y C2Y S3Y - L2[I] H1 - L1[W] H5 R3 - L0[O] H1 
[  6] Utilization = 0.09 | pJ/Compute =  135.933 | L5[WIO] Q2 - L4[IO] M16 P2 C32 M2X - L3[] H1 H5Y S3Y - L2[I] H1 - L1[W] R3 - L0[O] M2 
[  3] Utilization = 0.29 | pJ/Compute =  137.443 | L5[WIO] Q2 M2 C2 - L4[IO] P2 C8 M8X - L3[] H1 M4Y S3Y - L2[I] H1 - L1[W] H5 R3 C2 - L0[O] H1 
[  2] Utilization = 0.07 | pJ/Compute =   83.673 | L5[WIO] H5 M8 C2 - L4[IO] M2 P2 C4 Q2X - L3[] H1 C4Y S3Y - L2[I] H1 - L1[W] R3 - L0[O] M4 
[  1] Utilization = 0.57 | pJ/Compute =   38.733 | L5[WIO] C4 - L4[IO] H5 P2 M4X Q2X - L3[] H1 M4Y C2Y S3Y - L2[I] H1 - L1[W] R3 C4 - L0[O] M4 
[  7] Utilization = 0.29 | pJ/Compute =   71.634 | L5[WIO] C4 - L4[IO] H5 P2 C4 M4X Q2X - L3[] H1 M4Y S3Y - L2[I] H1 - L1[W] R3 C2 - L0[O] M4 
[  2] Utilization = 0.57 | pJ/Compute =   71.144 | L5[WIO] M2 - L4[IO] M2 P2 C2 M4X Q2X - L3[] H1 M2Y C4Y S3Y - L2[I] H1 - L1[W] R3 C4 - L0[O] H5 M2 
[  5] Utilization = 0.57 | pJ/Compute =   71.642 | L5[WIO] C4 - L4[IO] H5 P2 C2 M4X Q2X - L3[] H1 M4Y C2Y S3Y - L2[I] H1 - L1[W] R3 C2 - L0[O] M4 
[  6] Utilization = 0.14 | pJ/Compute =   75.244 | L5[WIO] M2 - L4[IO] M2 P2 C32 Q2X - L3[] H5 M8Y S3Y - L2[I] H1 - L1[W] R3 - L0[O] M2 
[  6] Utilization = 0.57 | pJ/Compute =   72.635 | L5[WIO] Q2 M2 C16 - L4[IO] P2 M8X - L3[] H1 M4Y C2Y S3Y - L2[I] H1 - L1[W] H5 R3 - L0[O] H1 
[  7] Utilization = 0.29 | pJ/Compute =   71.144 | L5[WIO] M2 - L4[IO] M2 P2 C4 M4X Q2X - L3[] H1 M2Y C2Y S3Y - L2[I] H1 - L1[W] R3 C4 - L0[O] H5 M2 
[  3] Utilization = 0.57 | pJ/Compute =   71.421 | L5[WIO] C4 - L4[IO] M2 P2 M4X Q2X - L3[] H1 C8Y S3Y - L2[I] H5 - L1[W] R3 - L0[O] M8 
[  5] Utilization = 0.57 | pJ/Compute =   38.501 | L5[WIO] H1 - L4[IO] H5 M2 P2 M4X Q2X - L3[] H1 C8Y S3Y - L2[I] H1 - L1[W] R3 C4 - L0[O] M8 
[  0] Utilization = 0.29 | pJ/Compute =   73.553 | L5[WIO] H5 M2 C2 - L4[IO] P2 C4 M4X Q2X - L3[] H1 M4Y S3Y - L2[I] H1 - L1[W] R3 C4 - L0[O] M2 
[  0] Utilization = 0.57 | pJ/Compute =   73.255 | L5[WIO] M2 C4 - L4[IO] P2 C4 M4X Q2X - L3[] H5 M4Y C2Y S3Y - L2[I] H1 - L1[W] R3 - L0[O] M2 
[  4] Utilization = 0.57 | pJ/Compute =   73.556 | L5[WIO] H5 M2 C2 - L4[IO] P2 C8 M4X Q2X - L3[] H1 M4Y C2Y S3Y - L2[I] H1 - L1[W] R3 - L0[O] M2 
[  6] Utilization = 0.57 | pJ/Compute =   42.419 | L5[WIO] H5 M2 C16 - L4[IO] P2 M4X Q2X - L3[] H1 M4Y C2Y S3Y - L2[I] H1 - L1[W] R3 - L0[O] M2 
[  0] Utilization = 0.57 | pJ/Compute =   71.977 | L5[WIO] C2 - L4[IO] M2 P2 C4 M4X Q2X - L3[] H5 M8Y S3Y - L2[I] H1 - L1[W] R3 C4 - L0[O] H1 
[  2] Utilization = 0.57 | pJ/Compute =   38.890 | L5[WIO] M2 C4 - L4[IO] M2 P2 M4X Q2X - L3[] H1 M2Y C4Y S3Y - L2[I] H1 - L1[W] H5 R3 C2 - L0[O] M2 
[  7] Utilization = 0.41 | pJ/Compute =   75.152 | L5[WIO] C16 - L4[IO] M2 P2 C2 M4X Q2X - L3[] H5 M8Y S3Y - L2[I] H1 - L1[W] R3 - L0[O] H1 
[  4] Utilization = 0.57 | pJ/Compute =   71.896 | L5[WIO] C4 - L4[IO] P2 C2 M4X Q2X - L3[] H1 M8Y S3Y - L2[I] H1 - L1[W] H5 R3 C4 - L0[O] M2 
[  7] Utilization = 0.57 | pJ/Compute =   72.954 | L5[WIO] C4 - L4[IO] P2 C4 M4X Q2X - L3[] H1 M8Y S3Y - L2[I] H1 - L1[W] H5 R3 C2 - L0[O] M2 
[  7] Utilization = 0.57 | pJ/Compute =   71.167 | L5[WIO] H1 - L4[IO] M4 P2 C4 M4X Q2X - L3[] H1 M4Y C2Y S3Y - L2[I] H1 - L1[W] R3 C4 - L0[O] H5 
[  3] Utilization = 0.57 | pJ/Compute =   42.255 | L5[WIO] M16 C4 - L4[IO] P2 M4X Q2X - L3[] H1 C8Y S3Y - L2[I] H1 - L1[W] R3 - L0[O] H5 
[  4] Utilization = 0.57 | pJ/Compute =   71.572 | L5[WIO] C2 - L4[IO] M4 P2 C2 M4X Q2X - L3[] H1 M4Y C2Y S3Y - L2[I] H5 - L1[W] R3 C4 - L0[O] H1 
[  6] Utilization = 0.57 | pJ/Compute =   40.416 | L5[WIO] M2 C16 - L4[IO] P2 M4X Q2X - L3[] H1 M4Y C2Y S3Y - L2[I] H1 - L1[W] R3 - L0[O] H5 M2 
[  3] Utilization = 0.57 | pJ/Compute =   39.430 | L5[WIO] M2 C8 - L4[IO] M2 P2 M4X Q2X - L3[] H1 M4Y C2Y S3Y - L2[I] H1 - L1[W] H5 R3 C2 - L0[O] H1 
[  0] Utilization = 0.57 | pJ/Compute =   71.819 | L5[WIO] M4 - L4[IO] M2 P2 C4 M4X Q2X - L3[] H1 M2Y C4Y S3Y - L2[I] H5 - L1[W] R3 C2 - L0[O] H1 
[  3] Utilization = 0.57 | pJ/Compute =   38.710 | L5[WIO] C4 - L4[IO] M4 P2 M4X Q2X - L3[] H1 C8Y S3Y - L2[I] H1 - L1[W] H5 R3 - L0[O] M4 
[  4] Utilization = 0.57 | pJ/Compute =   71.367 | L5[WIO] M2 C2 - L4[IO] P2 C8 M4X Q2X - L3[] H1 M4Y C2Y S3Y - L2[I] H1 - L1[W] R3 - L0[O] H5 M2 
[  2] Utilization = 0.57 | pJ/Compute =   38.652 | L5[WIO] C2 - L4[IO] H5 M2 P2 M4X Q2X - L3[] H1 C8Y S3Y - L2[I] H1 - L1[W] R3 C2 - L0[O] M8 
[  2] Utilization = 0.57 | pJ/Compute =   38.571 | L5[WIO] C2 - L4[IO] M8 P2 M4X Q2X - L3[] H1 C8Y S3Y - L2[I] H1 - L1[W] H5 R3 C2 - L0[O] M2 
[  1] Utilization = 0.57 | pJ/Compute =   38.406 | L5[WIO] C2 - L4[IO] M4 P2 M4X Q2X - L3[] H1 M2Y C4Y S3Y - L2[I] H1 - L1[W] R3 C4 - L0[O] H5 M2 
[  0] Utilization = 0.57 | pJ/Compute =   71.564 | L5[WIO] M4 - L4[IO] P2 C4 M4X Q2X - L3[] H1 M2Y C4Y S3Y - L2[I] H1 - L1[W] H5 R3 C2 - L0[O] M2 
[  6] Utilization = 0.57 | pJ/Compute =   40.212 | L5[WIO] C16 - L4[IO] M2 P2 M4X Q2X - L3[] H1 M4Y C2Y S3Y - L2[I] H1 - L1[W] H5 R3 - L0[O] M2 
[  0] Utilization = 0.57 | pJ/Compute =   71.399 | L5[WIO] M8 - L4[IO] P2 C4 M4X Q2X - L3[] H1 M2Y C4Y S3Y - L2[I] H1 - L1[W] R3 C2 - L0[O] H5 
[  4] Utilization = 0.57 | pJ/Compute =   39.858 | L5[WIO] M4 C8 - L4[IO] P2 M4X Q2X - L3[] H1 M2Y C4Y S3Y - L2[I] H1 - L1[W] H5 R3 - L0[O] M2 
[  4] Utilization = 0.57 | pJ/Compute =   39.365 | L5[WIO] M2 C8 - L4[IO] P2 M4X Q2X - L3[] H1 M2Y C4Y S3Y - L2[I] H1 - L1[W] H5 R3 - L0[O] M4 
[  4] Utilization = 0.57 | pJ/Compute =   39.246 | L5[WIO] C8 - L4[IO] M4 P2 M4X Q2X - L3[] H1 M2Y C4Y S3Y - L2[I] H1 - L1[W] R3 - L0[O] H5 M2 
[  5] Utilization = 0.57 | pJ/Compute =   38.420 | L5[WIO] M8 - L4[IO] P2 M4X Q2X - L3[] H1 C8Y S3Y - L2[I] H1 - L1[W] R3 C4 - L0[O] H5 M2 
[  0] Utilization = 0.57 | pJ/Compute =   71.144 | L5[WIO] M4 - L4[IO] P2 C4 M4X Q2X - L3[] H1 M2Y C4Y S3Y - L2[I] H1 - L1[W] R3 C2 - L0[O] H5 M2 
[  7] STATEMENT: 3000 suboptimal mappings found since the last upgrade, terminating search.
[  4] Utilization = 0.57 | pJ/Compute =   39.119 | L5[WIO] C8 - L4[IO] P2 M4X Q2X - L3[] H1 M2Y C4Y S3Y - L2[I] H1 - L1[W] H5 R3 - L0[O] M8 
[  3] STATEMENT: 3000 suboptimal mappings found since the last upgrade, terminating search.
[  2] STATEMENT: 3000 suboptimal mappings found since the last upgrade, terminating search.
[  6] Utilization = 0.57 | pJ/Compute =   40.165 | L5[WIO] C16 - L4[IO] P2 M4X Q2X - L3[] H1 M4Y C2Y S3Y - L2[I] H1 - L1[W] H5 R3 - L0[O] M4 
[  1] STATEMENT: 3000 suboptimal mappings found since the last upgrade, terminating search.
[  5] STATEMENT: 3000 suboptimal mappings found since the last upgrade, terminating search.
[  0] STATEMENT: 3000 suboptimal mappings found since the last upgrade, terminating search.
[  4] STATEMENT: 3000 suboptimal mappings found since the last upgrade, terminating search.
[  6] STATEMENT: 3000 suboptimal mappings found since the last upgrade, terminating search.
