    _                _                      
   / \   ___ ___ ___| | ___ _ __ __ _ _   _ 
  / _ \ / __/ __/ _ \ |/ _ \ '__/ _` | | | |
 / ___ \ (_| (_|  __/ |  __/ | | (_| | |_| |
/_/   \_\___\___\___|_|\___|_|  \__, |\__, |
                                |___/ |___/ 

Info: generating outputs according to the following specified output flags... 
 Please use the -f flag to update the preference (default to all output files) 
{'ERT': 1, 'ERT_summary': 1, 'ART': 1, 'ART_summary': 1, 'energy_estimation': 1, 'flattened_arch': 1}
Info: config file located: /home/workspace/.config/accelergy/accelergy_config.yaml 
config file content: 
 {'version': 0.3, 'compound_components': [], 'estimator_plug_ins': ['/usr/local/share/accelergy/estimation_plug_ins'], 'primitive_components': ['/usr/local/share/accelergy/primitive_component_libs'], 'table_plug_ins': {'roots': ['/usr/local/share/accelergy/estimation_plug_ins/accelergy-table-based-plug-ins/set_of_table_templates']}}
Warn: Cannot recognize the top key "mapper" in file /home/workspace/workspace/final-project/timeloop_results/eyeriss_like_672pe/mapper/mapper.yaml 
Warn: Cannot recognize the top key "architecture_constraints" in file /home/workspace/workspace/final-project/timeloop_results/eyeriss_like_672pe/constraints/eyeriss_like_arch_constraints.yaml 
Warn: Cannot recognize the top key "mapspace_constraints" in file /home/workspace/workspace/final-project/timeloop_results/eyeriss_like_672pe/constraints/eyeriss_like_map_constraints.yaml 
Warn: Cannot recognize the top key "problem" in file /home/workspace/workspace/final-project/layer_shapes/VariableBackbone/1-30-30-30-30-30-2shape_1split_5heads_parallel/layer2.yaml 
Info: Parsing file /home/workspace/workspace/final-project/timeloop_results/eyeriss_like_672pe/arch/eyeriss_like_672pe.yaml for architecture info 
Info: Found non-numeric expression 45nm. Available bindings: {'technology': '45nm'} 
WARN: Failed to evaluate "45nm". Setting system.eyeriss.technology="45nm". Available bindings: {'technology': '45nm'}
Info: Found non-numeric expression LPDDR4. Available bindings: {'type': 'LPDDR4', 'width': 64, 'block-size': 4, 'word-bits': 16} 
WARN: Failed to evaluate "LPDDR4". Setting variables.type="LPDDR4". Available bindings: {'name': 'DRAM', 'class': 'DRAM', 'attributes': {'type': 'LPDDR4', 'width': 64, 'block-size': 4, 'word-bits': 16}}
Info: Parsing file /home/workspace/workspace/final-project/timeloop_results/eyeriss_like_672pe/arch/components/smartbuffer_RF.yaml for compound_components info 
Traceback (most recent call last):
  File "/usr/local/bin/accelergy", line 8, in <module>
    sys.exit(main())
  File "/usr/local/lib/python3.8/dist-packages/accelergy/accelergy_console.py", line 164, in main
    run()
  File "/usr/local/lib/python3.8/dist-packages/accelergy/accelergy_console.py", line 73, in run
    raw_dicts = RawInputs2Dicts(raw_input_info)
  File "/usr/local/lib/python3.8/dist-packages/accelergy/raw_inputs_2_dicts.py", line 21, in __init__
    self.load_and_construct_dicts()
  File "/usr/local/lib/python3.8/dist-packages/accelergy/raw_inputs_2_dicts.py", line 107, in load_and_construct_dicts
    getattr(self, YAML_parser_fname)(file_info)
  File "/usr/local/lib/python3.8/dist-packages/accelergy/raw_inputs_2_dicts.py", line 278, in compound_components_input_parser
    file_reload = load(open(file_path), accelergy_loader_ordered)
  File "/usr/local/lib/python3.8/dist-packages/yaml/__init__.py", line 81, in load
    return loader.get_single_data()
  File "/usr/local/lib/python3.8/dist-packages/yaml/constructor.py", line 49, in get_single_data
    node = self.get_single_node()
  File "/usr/local/lib/python3.8/dist-packages/yaml/composer.py", line 36, in get_single_node
    document = self.compose_document()
  File "/usr/local/lib/python3.8/dist-packages/yaml/composer.py", line 55, in compose_document
    node = self.compose_node(None, None)
  File "/usr/local/lib/python3.8/dist-packages/yaml/composer.py", line 84, in compose_node
    node = self.compose_mapping_node(anchor)
  File "/usr/local/lib/python3.8/dist-packages/yaml/composer.py", line 133, in compose_mapping_node
    item_value = self.compose_node(node, item_key)
  File "/usr/local/lib/python3.8/dist-packages/yaml/composer.py", line 84, in compose_node
    node = self.compose_mapping_node(anchor)
  File "/usr/local/lib/python3.8/dist-packages/yaml/composer.py", line 133, in compose_mapping_node
    item_value = self.compose_node(node, item_key)
  File "/usr/local/lib/python3.8/dist-packages/yaml/composer.py", line 82, in compose_node
    node = self.compose_sequence_node(anchor)
  File "/usr/local/lib/python3.8/dist-packages/yaml/composer.py", line 111, in compose_sequence_node
    node.value.append(self.compose_node(node, index))
  File "/usr/local/lib/python3.8/dist-packages/yaml/composer.py", line 84, in compose_node
    node = self.compose_mapping_node(anchor)
  File "/usr/local/lib/python3.8/dist-packages/yaml/composer.py", line 133, in compose_mapping_node
    item_value = self.compose_node(node, item_key)
  File "/usr/local/lib/python3.8/dist-packages/yaml/composer.py", line 82, in compose_node
    node = self.compose_sequence_node(anchor)
  File "/usr/local/lib/python3.8/dist-packages/yaml/composer.py", line 111, in compose_sequence_node
    node.value.append(self.compose_node(node, index))
  File "/usr/local/lib/python3.8/dist-packages/yaml/composer.py", line 84, in compose_node
    node = self.compose_mapping_node(anchor)
  File "/usr/local/lib/python3.8/dist-packages/yaml/composer.py", line 133, in compose_mapping_node
    item_value = self.compose_node(node, item_key)
  File "/usr/local/lib/python3.8/dist-packages/yaml/composer.py", line 84, in compose_node
    node = self.compose_mapping_node(anchor)
  File "/usr/local/lib/python3.8/dist-packages/yaml/composer.py", line 133, in compose_mapping_node
    item_value = self.compose_node(node, item_key)
  File "/usr/local/lib/python3.8/dist-packages/yaml/composer.py", line 64, in compose_node
    if self.check_event(AliasEvent):
  File "/usr/local/lib/python3.8/dist-packages/yaml/parser.py", line 99, in check_event
    if self.current_event is not None:
KeyboardInterrupt
